model dir: /ahg/regevdata/projects/CRISPR-libraries/prj/lib-modeling/portable_modeling/out/c_ag_res/model_HEK293T_12kChar_eA3A_0_190524_enc_64x2_dec_256x2_nc_r5_d0.05/
Hyperparameters: encoder_hidden_sizes:64,64+decoder_hidden_sizes:256,256+context_feature:1+fullcontext_feature:0+position_feature:1+context_radii:5+dropout_p:0.05
x_dim: 74
y_mask_dim: 180
train_test_id: 0
----------
Epoch 0/299 at 2019-05-24 22:36:09.033763
train Loss: 1.5001
valid Loss: 0.9777
----------
Epoch 1/299 at 2019-05-24 22:37:29.821851
train Loss: 0.9958
valid Loss: 0.9390
----------
Epoch 2/299 at 2019-05-24 22:38:50.423357
train Loss: 0.9509
valid Loss: 0.9110
----------
Epoch 3/299 at 2019-05-24 22:40:10.892667
train Loss: 0.9256
valid Loss: 0.8962
----------
Epoch 4/299 at 2019-05-24 22:41:31.489682
train Loss: 0.9078
valid Loss: 0.8721
----------
Epoch 5/299 at 2019-05-24 22:42:51.843321
train Loss: 0.8862
valid Loss: 0.8749
----------
Epoch 6/299 at 2019-05-24 22:44:11.882489
train Loss: 0.8716
valid Loss: 0.8669
----------
Epoch 7/299 at 2019-05-24 22:45:31.979474
train Loss: 0.8575
valid Loss: 0.8736
----------
Epoch 8/299 at 2019-05-24 22:46:51.862875
train Loss: 0.8529
valid Loss: 0.8373
----------
Epoch 9/299 at 2019-05-24 22:48:12.181260
train Loss: 0.8361
valid Loss: 0.8591
----------
Epoch 10/299 at 2019-05-24 22:49:32.857425
train Loss: 0.8228
valid Loss: 0.8237
----------
Epoch 11/299 at 2019-05-24 22:50:53.702747
train Loss: 0.8232
valid Loss: 0.9201
----------
Epoch 12/299 at 2019-05-24 22:52:14.443642
train Loss: 0.8103
valid Loss: 0.8321
----------
Epoch 13/299 at 2019-05-24 22:53:34.932563
train Loss: 0.8096
valid Loss: 0.8382
----------
Epoch 14/299 at 2019-05-24 22:54:55.379601
train Loss: 0.7987
valid Loss: 0.8293
----------
Epoch 15/299 at 2019-05-24 22:56:15.851640
train Loss: 0.7970
valid Loss: 0.8072
----------
Epoch 16/299 at 2019-05-24 22:57:36.379597
train Loss: 0.7898
valid Loss: 0.8130
----------
Epoch 17/299 at 2019-05-24 22:58:56.948167
train Loss: 0.7915
valid Loss: 0.8213
----------
Epoch 18/299 at 2019-05-24 23:00:17.849586
train Loss: 0.7848
valid Loss: 0.8246
----------
Epoch 19/299 at 2019-05-24 23:01:38.832948
train Loss: 0.7754
valid Loss: 0.8179
----------
Epoch 20/299 at 2019-05-24 23:02:59.650430
train Loss: 0.7711
valid Loss: 0.8337
----------
Epoch 21/299 at 2019-05-24 23:04:20.075138
train Loss: 0.7656
valid Loss: 0.8246
----------
Epoch 22/299 at 2019-05-24 23:05:40.412216
train Loss: 0.7674
valid Loss: 0.8201
----------
Epoch 23/299 at 2019-05-24 23:07:00.721867
train Loss: 0.7610
valid Loss: 0.7949
----------
Epoch 24/299 at 2019-05-24 23:08:21.036731
train Loss: 0.7577
valid Loss: 0.8127
----------
Epoch 25/299 at 2019-05-24 23:09:41.446105
train Loss: 0.7513
valid Loss: 0.7996
----------
Epoch 26/299 at 2019-05-24 23:11:02.497730
train Loss: 0.7471
valid Loss: 0.8296
----------
Epoch 27/299 at 2019-05-24 23:12:23.361903
train Loss: 0.7462
valid Loss: 0.8268
----------
Epoch 28/299 at 2019-05-24 23:13:44.218373
train Loss: 0.7471
valid Loss: 0.7952
----------
Epoch 29/299 at 2019-05-24 23:15:04.914681
train Loss: 0.7413
valid Loss: 0.7984
----------
Epoch 30/299 at 2019-05-24 23:16:25.575867
train Loss: 0.7363
valid Loss: 0.7827
----------
Epoch 31/299 at 2019-05-24 23:17:45.964557
train Loss: 0.7348
valid Loss: 0.7844
----------
Epoch 32/299 at 2019-05-24 23:19:06.352598
train Loss: 0.7320
valid Loss: 0.8128
----------
Epoch 33/299 at 2019-05-24 23:20:26.842892
train Loss: 0.7296
valid Loss: 0.7929
----------
Epoch 34/299 at 2019-05-24 23:21:47.434080
train Loss: 0.7222
valid Loss: 0.7846
----------
Epoch 35/299 at 2019-05-24 23:23:07.703296
train Loss: 0.7259
valid Loss: 0.7912
----------
Epoch 36/299 at 2019-05-24 23:24:28.064410
train Loss: 0.7241
valid Loss: 0.7856
----------
Epoch 37/299 at 2019-05-24 23:25:47.951470
train Loss: 0.7229
valid Loss: 0.7739
----------
Epoch 38/299 at 2019-05-24 23:27:07.923694
train Loss: 0.7184
valid Loss: 0.7841
----------
Epoch 39/299 at 2019-05-24 23:28:27.906068
train Loss: 0.7132
valid Loss: 0.7915
----------
Epoch 40/299 at 2019-05-24 23:29:47.766401
train Loss: 0.7171
valid Loss: 0.8040
----------
Epoch 41/299 at 2019-05-24 23:31:07.949496
train Loss: 0.7125
valid Loss: 0.7773
----------
Epoch 42/299 at 2019-05-24 23:32:28.203483
train Loss: 0.7081
valid Loss: 0.7901
----------
Epoch 43/299 at 2019-05-24 23:33:48.590370
train Loss: 0.7079
valid Loss: 0.7895
----------
Epoch 44/299 at 2019-05-24 23:35:09.023217
train Loss: 0.7070
valid Loss: 0.7872
----------
Epoch 45/299 at 2019-05-24 23:36:29.356977
train Loss: 0.7038
valid Loss: 0.7902
----------
Epoch 46/299 at 2019-05-24 23:37:49.813947
train Loss: 0.7006
valid Loss: 0.8417
----------
Epoch 47/299 at 2019-05-24 23:39:10.038146
train Loss: 0.7046
valid Loss: 0.7884
----------
Epoch 48/299 at 2019-05-24 23:40:30.055467
train Loss: 0.6990
valid Loss: 0.7902
----------
Epoch 49/299 at 2019-05-24 23:41:49.719709
train Loss: 0.6921
valid Loss: 0.7953
----------
Epoch 50/299 at 2019-05-24 23:43:09.502195
train Loss: 0.6916
valid Loss: 0.7888
----------
Epoch 51/299 at 2019-05-24 23:44:29.423450
train Loss: 0.6934
valid Loss: 0.7825
----------
Epoch 52/299 at 2019-05-24 23:45:49.281935
train Loss: 0.6921
valid Loss: 0.7954
----------
Epoch 53/299 at 2019-05-24 23:47:09.186131
train Loss: 0.6889
valid Loss: 0.7897
----------
Epoch 54/299 at 2019-05-24 23:48:29.240789
train Loss: 0.6841
valid Loss: 0.7995
----------
Epoch 55/299 at 2019-05-24 23:49:49.254761
train Loss: 0.6846
valid Loss: 0.7795
----------
Epoch 56/299 at 2019-05-24 23:51:09.425915
train Loss: 0.6811
valid Loss: 0.7820
----------
Epoch 57/299 at 2019-05-24 23:52:29.672061
train Loss: 0.6781
valid Loss: 0.7795
----------
Epoch 58/299 at 2019-05-24 23:53:49.925249
train Loss: 0.6770
valid Loss: 0.8000
----------
Epoch 59/299 at 2019-05-24 23:55:10.238827
train Loss: 0.6763
valid Loss: 0.7936
----------
Epoch 60/299 at 2019-05-24 23:56:30.467336
train Loss: 0.6787
valid Loss: 0.8055
----------
Epoch 61/299 at 2019-05-24 23:57:50.709613
train Loss: 0.6703
valid Loss: 0.7836
----------
Epoch 62/299 at 2019-05-24 23:59:10.934537
train Loss: 0.6684
valid Loss: 0.8034
----------
Epoch 63/299 at 2019-05-25 00:00:31.289363
train Loss: 0.6719
valid Loss: 0.8018
----------
Epoch 64/299 at 2019-05-25 00:01:51.594551
train Loss: 0.6705
valid Loss: 0.8291
----------
Epoch 65/299 at 2019-05-25 00:03:11.854917
train Loss: 0.6702
valid Loss: 0.8142
----------
Epoch 66/299 at 2019-05-25 00:04:32.341871
train Loss: 0.6668
valid Loss: 0.7861
----------
Epoch 67/299 at 2019-05-25 00:05:52.855629
train Loss: 0.6632
valid Loss: 0.8180
----------
Epoch 68/299 at 2019-05-25 00:07:13.409881
train Loss: 0.6614
valid Loss: 0.7952
----------
Epoch 69/299 at 2019-05-25 00:08:33.839879
train Loss: 0.6551
valid Loss: 0.7914
----------
Epoch 70/299 at 2019-05-25 00:09:54.164791
train Loss: 0.6608
valid Loss: 0.7880
----------
Epoch 71/299 at 2019-05-25 00:11:14.385895
train Loss: 0.6589
valid Loss: 0.7830
----------
Epoch 72/299 at 2019-05-25 00:12:34.510912
train Loss: 0.6586
valid Loss: 0.8019
----------
Epoch 73/299 at 2019-05-25 00:13:54.640072
train Loss: 0.6560
valid Loss: 0.7945
----------
Epoch 74/299 at 2019-05-25 00:15:14.790722
train Loss: 0.6512
valid Loss: 0.7874
----------
Epoch 75/299 at 2019-05-25 00:16:34.876121
train Loss: 0.6513
valid Loss: 0.7893
----------
Epoch 76/299 at 2019-05-25 00:17:54.918708
train Loss: 0.6527
valid Loss: 0.8032
----------
Epoch 77/299 at 2019-05-25 00:19:15.017329
train Loss: 0.6483
valid Loss: 0.8005
----------
Epoch 78/299 at 2019-05-25 00:20:35.357028
train Loss: 0.6483
valid Loss: 0.7959
----------
Epoch 79/299 at 2019-05-25 00:21:55.752206
train Loss: 0.6464
valid Loss: 0.7922
----------
Epoch 80/299 at 2019-05-25 00:23:16.088507
train Loss: 0.6390
valid Loss: 0.8248
----------
Epoch 81/299 at 2019-05-25 00:24:36.570333
train Loss: 0.6430
valid Loss: 0.7995
----------
Epoch 82/299 at 2019-05-25 00:25:57.107508
train Loss: 0.6363
valid Loss: 0.8123
----------
Epoch 83/299 at 2019-05-25 00:27:17.514846
train Loss: 0.6431
valid Loss: 0.8239
----------
Epoch 84/299 at 2019-05-25 00:28:37.968769
train Loss: 0.6389
valid Loss: 0.7939
----------
Epoch 85/299 at 2019-05-25 00:29:58.397626
train Loss: 0.6348
valid Loss: 0.8159
----------
Epoch 86/299 at 2019-05-25 00:31:18.861012
train Loss: 0.6339
valid Loss: 0.7994
----------
Epoch 87/299 at 2019-05-25 00:32:39.312272
train Loss: 0.6308
valid Loss: 0.7994
----------
Epoch 88/299 at 2019-05-25 00:33:59.617435
train Loss: 0.6289
valid Loss: 0.8024
----------
Epoch 89/299 at 2019-05-25 00:35:19.875687
train Loss: 0.6239
valid Loss: 0.8117
----------
Epoch 90/299 at 2019-05-25 00:36:40.314419
train Loss: 0.6360
valid Loss: 0.8037
----------
Epoch 91/299 at 2019-05-25 00:38:00.927963
train Loss: 0.6267
valid Loss: 0.7889
----------
Epoch 92/299 at 2019-05-25 00:39:21.480189
train Loss: 0.6217
valid Loss: 0.8052
----------
Epoch 93/299 at 2019-05-25 00:40:42.002711
train Loss: 0.6249
valid Loss: 0.7984
----------
Epoch 94/299 at 2019-05-25 00:42:02.541840
train Loss: 0.6242
valid Loss: 0.8016
----------
Epoch 95/299 at 2019-05-25 00:43:23.113432
train Loss: 0.6246
valid Loss: 0.8103
----------
Epoch 96/299 at 2019-05-25 00:44:43.626519
train Loss: 0.6201
valid Loss: 0.8026
----------
Epoch 97/299 at 2019-05-25 00:46:04.061179
train Loss: 0.6217
valid Loss: 0.8091
----------
Epoch 98/299 at 2019-05-25 00:47:24.491572
train Loss: 0.6211
valid Loss: 0.8030
----------
Epoch 99/299 at 2019-05-25 00:48:44.847798
train Loss: 0.6128
valid Loss: 0.7930
----------
Epoch 100/299 at 2019-05-25 00:50:05.310285
train Loss: 0.6097
valid Loss: 0.8184
----------
Epoch 101/299 at 2019-05-25 00:51:25.702285
train Loss: 0.6141
valid Loss: 0.8027
----------
Epoch 102/299 at 2019-05-25 00:52:45.955412
train Loss: 0.6126
valid Loss: 0.8110
----------
Epoch 103/299 at 2019-05-25 00:54:06.211798
train Loss: 0.6137
valid Loss: 0.8001
----------
Epoch 104/299 at 2019-05-25 00:55:26.582862
train Loss: 0.6106
valid Loss: 0.8039
----------
Epoch 105/299 at 2019-05-25 00:56:47.005120
train Loss: 0.6033
valid Loss: 0.8008
----------
Epoch 106/299 at 2019-05-25 00:58:07.517623
train Loss: 0.6103
valid Loss: 0.8160
----------
Epoch 107/299 at 2019-05-25 00:59:27.900994
train Loss: 0.6049
valid Loss: 0.8239
----------
Epoch 108/299 at 2019-05-25 01:00:48.567227
train Loss: 0.6008
valid Loss: 0.8186
----------
Epoch 109/299 at 2019-05-25 01:02:09.256700
train Loss: 0.5967
valid Loss: 0.8321
----------
Epoch 110/299 at 2019-05-25 01:03:29.843333
train Loss: 0.6037
valid Loss: 0.8006
----------
Epoch 111/299 at 2019-05-25 01:04:50.234361
train Loss: 0.5973
valid Loss: 0.8206
----------
Epoch 112/299 at 2019-05-25 01:06:10.865894
train Loss: 0.5960
valid Loss: 0.8159
----------
Epoch 113/299 at 2019-05-25 01:07:31.356084
train Loss: 0.5945
valid Loss: 0.8268
----------
Epoch 114/299 at 2019-05-25 01:08:51.722176
train Loss: 0.5940
valid Loss: 0.8003
----------
Epoch 115/299 at 2019-05-25 01:10:12.111285
train Loss: 0.5948
valid Loss: 0.8086
----------
Epoch 116/299 at 2019-05-25 01:11:32.441783
train Loss: 0.5966
valid Loss: 0.8249
----------
Epoch 117/299 at 2019-05-25 01:12:52.946147
train Loss: 0.5929
valid Loss: 0.8032
----------
Epoch 118/299 at 2019-05-25 01:14:13.327689
train Loss: 0.5884
valid Loss: 0.8185
----------
Epoch 119/299 at 2019-05-25 01:15:33.811457
train Loss: 0.5935
valid Loss: 0.8092
----------
Epoch 120/299 at 2019-05-25 01:16:54.611688
train Loss: 0.5892
valid Loss: 0.8054
----------
Epoch 121/299 at 2019-05-25 01:18:15.300713
train Loss: 0.5904
valid Loss: 0.8173
----------
Epoch 122/299 at 2019-05-25 01:19:35.692414
train Loss: 0.5826
valid Loss: 0.8113
----------
Epoch 123/299 at 2019-05-25 01:20:56.188762
train Loss: 0.5829
valid Loss: 0.8276
----------
Epoch 124/299 at 2019-05-25 01:22:16.669645
train Loss: 0.5816
valid Loss: 0.8128
----------
Epoch 125/299 at 2019-05-25 01:23:37.241489
train Loss: 0.5788
valid Loss: 0.8378
----------
Epoch 126/299 at 2019-05-25 01:24:57.727222
train Loss: 0.5789
valid Loss: 0.8254
----------
Epoch 127/299 at 2019-05-25 01:26:18.271493
train Loss: 0.5805
valid Loss: 0.8053
----------
Epoch 128/299 at 2019-05-25 01:27:38.707677
train Loss: 0.5740
valid Loss: 0.8215
----------
Epoch 129/299 at 2019-05-25 01:28:59.097634
train Loss: 0.5793
valid Loss: 0.8052
----------
Epoch 130/299 at 2019-05-25 01:30:19.529051
train Loss: 0.5776
valid Loss: 0.8278
----------
Epoch 131/299 at 2019-05-25 01:31:39.885916
train Loss: 0.5738
valid Loss: 0.8309
----------
Epoch 132/299 at 2019-05-25 01:33:00.275144
train Loss: 0.5697
valid Loss: 0.8338
----------
Epoch 133/299 at 2019-05-25 01:34:20.774534
train Loss: 0.5743
valid Loss: 0.8390
----------
Epoch 134/299 at 2019-05-25 01:35:41.332273
train Loss: 0.5732
valid Loss: 0.8288
----------
Epoch 135/299 at 2019-05-25 01:37:02.020378
train Loss: 0.5752
valid Loss: 0.8034
----------
Epoch 136/299 at 2019-05-25 01:38:22.654143
train Loss: 0.5661
valid Loss: 0.8299
----------
Epoch 137/299 at 2019-05-25 01:39:43.175498
train Loss: 0.5634
valid Loss: 0.8218
----------
Epoch 138/299 at 2019-05-25 01:41:03.748504
train Loss: 0.5653
valid Loss: 0.8637
----------
Epoch 139/299 at 2019-05-25 01:42:24.089775
train Loss: 0.5667
valid Loss: 0.8244
----------
Epoch 140/299 at 2019-05-25 01:43:44.410157
train Loss: 0.5587
valid Loss: 0.8173
----------
Epoch 141/299 at 2019-05-25 01:45:05.001151
train Loss: 0.5594
valid Loss: 0.8270
----------
Epoch 142/299 at 2019-05-25 01:46:25.513396
train Loss: 0.5546
valid Loss: 0.8433
----------
Epoch 143/299 at 2019-05-25 01:47:45.934872
train Loss: 0.5588
valid Loss: 0.8349
----------
Epoch 144/299 at 2019-05-25 01:49:06.611135
train Loss: 0.5602
valid Loss: 0.8270
----------
Epoch 145/299 at 2019-05-25 01:50:26.998025
train Loss: 0.5629
valid Loss: 0.8473
----------
Epoch 146/299 at 2019-05-25 01:51:47.322394
train Loss: 0.5575
valid Loss: 0.8365
----------
Epoch 147/299 at 2019-05-25 01:53:07.537147
train Loss: 0.5554
valid Loss: 0.8336
----------
Epoch 148/299 at 2019-05-25 01:54:27.945413
train Loss: 0.5545
valid Loss: 0.8395
----------
Epoch 149/299 at 2019-05-25 01:55:48.263822
train Loss: 0.5523
valid Loss: 0.8291
----------
Epoch 150/299 at 2019-05-25 01:57:08.416454
train Loss: 0.5484
valid Loss: 0.8556
----------
Epoch 151/299 at 2019-05-25 01:58:28.758463
train Loss: 0.5494
valid Loss: 0.8268
----------
Epoch 152/299 at 2019-05-25 01:59:49.198593
train Loss: 0.5500
valid Loss: 0.8533
----------
Epoch 153/299 at 2019-05-25 02:01:09.559614
train Loss: 0.5520
valid Loss: 0.8398
----------
Epoch 154/299 at 2019-05-25 02:02:29.941625
train Loss: 0.5454
valid Loss: 0.8845
----------
Epoch 155/299 at 2019-05-25 02:03:50.363297
train Loss: 0.5492
valid Loss: 0.8396
----------
Epoch 156/299 at 2019-05-25 02:05:10.882726
train Loss: 0.5475
valid Loss: 0.8424
----------
Epoch 157/299 at 2019-05-25 02:06:31.624761
train Loss: 0.5446
valid Loss: 0.8359
----------
Epoch 158/299 at 2019-05-25 02:07:51.942006
train Loss: 0.5469
valid Loss: 0.8363
----------
Epoch 159/299 at 2019-05-25 02:09:12.460673
train Loss: 0.5392
valid Loss: 0.8691
----------
Epoch 160/299 at 2019-05-25 02:10:32.946765
train Loss: 0.5433
valid Loss: 0.8611
----------
Epoch 161/299 at 2019-05-25 02:11:53.453928
train Loss: 0.5414
valid Loss: 0.8302
----------
Epoch 162/299 at 2019-05-25 02:13:13.804673
train Loss: 0.5434
valid Loss: 0.8393
----------
Epoch 163/299 at 2019-05-25 02:14:34.133150
train Loss: 0.5428
valid Loss: 0.8450
----------
Epoch 164/299 at 2019-05-25 02:15:54.469973
train Loss: 0.5389
valid Loss: 0.8515
----------
Epoch 165/299 at 2019-05-25 02:17:14.716315
train Loss: 0.5406
valid Loss: 0.8352
----------
Epoch 166/299 at 2019-05-25 02:18:34.966321
train Loss: 0.5383
valid Loss: 0.8627
----------
Epoch 167/299 at 2019-05-25 02:19:55.345068
train Loss: 0.5326
valid Loss: 0.8591
----------
Epoch 168/299 at 2019-05-25 02:21:15.833798
train Loss: 0.5346
valid Loss: 0.8779
----------
Epoch 169/299 at 2019-05-25 02:22:36.412544
train Loss: 0.5340
valid Loss: 0.8357
----------
Epoch 170/299 at 2019-05-25 02:23:57.035518
train Loss: 0.5366
valid Loss: 0.8604
----------
Epoch 171/299 at 2019-05-25 02:25:17.469583
train Loss: 0.5283
valid Loss: 0.8580
----------
Epoch 172/299 at 2019-05-25 02:26:37.880894
train Loss: 0.5308
valid Loss: 0.8381
----------
Epoch 173/299 at 2019-05-25 02:27:58.333905
train Loss: 0.5314
valid Loss: 0.8582
----------
Epoch 174/299 at 2019-05-25 02:29:18.604175
train Loss: 0.5259
valid Loss: 0.8371
----------
Epoch 175/299 at 2019-05-25 02:30:39.088710
train Loss: 0.5263
valid Loss: 0.8600
----------
Epoch 176/299 at 2019-05-25 02:31:59.342590
train Loss: 0.5269
valid Loss: 0.8509
----------
Epoch 177/299 at 2019-05-25 02:33:19.726943
train Loss: 0.5284
valid Loss: 0.8522
----------
Epoch 178/299 at 2019-05-25 02:34:40.397392
train Loss: 0.5229
valid Loss: 0.8519
----------
Epoch 179/299 at 2019-05-25 02:36:00.900955
train Loss: 0.5248
valid Loss: 0.8548
----------
Epoch 180/299 at 2019-05-25 02:37:21.326346
train Loss: 0.5166
valid Loss: 0.8527
----------
Epoch 181/299 at 2019-05-25 02:38:41.333774
train Loss: 0.5194
valid Loss: 0.8575
----------
Epoch 182/299 at 2019-05-25 02:39:59.937463
train Loss: 0.5225
valid Loss: 0.8684
----------
Epoch 183/299 at 2019-05-25 02:41:18.323302
train Loss: 0.5241
valid Loss: 0.8637
----------
Epoch 184/299 at 2019-05-25 02:42:36.752524
train Loss: 0.5183
valid Loss: 0.8361
----------
Epoch 185/299 at 2019-05-25 02:43:55.069087
train Loss: 0.5196
valid Loss: 0.8667
----------
Epoch 186/299 at 2019-05-25 02:45:13.449461
train Loss: 0.5194
valid Loss: 0.8584
----------
Epoch 187/299 at 2019-05-25 02:46:31.682506
train Loss: 0.5136
valid Loss: 0.8754
----------
Epoch 188/299 at 2019-05-25 02:47:49.881321
train Loss: 0.5172
valid Loss: 0.8450
----------
Epoch 189/299 at 2019-05-25 02:49:07.800943
train Loss: 0.5082
valid Loss: 0.8766
----------
Epoch 190/299 at 2019-05-25 02:50:25.532314
train Loss: 0.5117
valid Loss: 0.8656
----------
Epoch 191/299 at 2019-05-25 02:51:43.094373
train Loss: 0.5138
valid Loss: 0.8771
----------
Epoch 192/299 at 2019-05-25 02:53:00.476292
train Loss: 0.5153
valid Loss: 0.8648
----------
Epoch 193/299 at 2019-05-25 02:54:17.985862
train Loss: 0.5145
valid Loss: 0.8566
----------
Epoch 194/299 at 2019-05-25 02:55:35.595238
train Loss: 0.5108
valid Loss: 0.8744
----------
Epoch 195/299 at 2019-05-25 02:56:53.137107
train Loss: 0.5092
valid Loss: 0.8904
----------
Epoch 196/299 at 2019-05-25 02:58:10.326959
train Loss: 0.5116
valid Loss: 0.8627
----------
Epoch 197/299 at 2019-05-25 02:59:27.685460
train Loss: 0.5060
valid Loss: 0.8553
----------
Epoch 198/299 at 2019-05-25 03:00:45.155542
train Loss: 0.5057
valid Loss: 0.8806
----------
Epoch 199/299 at 2019-05-25 03:02:02.593138
train Loss: 0.5047
valid Loss: 0.8813
----------
Epoch 200/299 at 2019-05-25 03:03:20.057321
train Loss: 0.5020
valid Loss: 0.8451
----------
Epoch 201/299 at 2019-05-25 03:04:37.387021
train Loss: 0.5045
valid Loss: 0.8785
----------
Epoch 202/299 at 2019-05-25 03:05:55.090259
train Loss: 0.5050
valid Loss: 0.9133
----------
Epoch 203/299 at 2019-05-25 03:07:12.420692
train Loss: 0.5077
valid Loss: 0.8747
----------
Epoch 204/299 at 2019-05-25 03:08:29.718559
train Loss: 0.5004
valid Loss: 0.8911
----------
Epoch 205/299 at 2019-05-25 03:09:47.153433
train Loss: 0.4997
valid Loss: 0.8770
----------
Epoch 206/299 at 2019-05-25 03:11:04.617933
train Loss: 0.5038
valid Loss: 0.8597
----------
Epoch 207/299 at 2019-05-25 03:12:22.008194
train Loss: 0.5003
valid Loss: 0.8695
----------
Epoch 208/299 at 2019-05-25 03:13:39.364511
train Loss: 0.4983
valid Loss: 0.8804
----------
Epoch 209/299 at 2019-05-25 03:14:56.759223
train Loss: 0.4981
valid Loss: 0.8781
----------
Epoch 210/299 at 2019-05-25 03:16:14.411380
train Loss: 0.4929
valid Loss: 0.8882
----------
Epoch 211/299 at 2019-05-25 03:17:31.844343
train Loss: 0.4956
valid Loss: 0.8705
----------
Epoch 212/299 at 2019-05-25 03:18:49.263826
train Loss: 0.4901
valid Loss: 0.8908
----------
Epoch 213/299 at 2019-05-25 03:20:07.242394
train Loss: 0.4960
valid Loss: 0.8628
----------
Epoch 214/299 at 2019-05-25 03:21:25.455664
train Loss: 0.4985
valid Loss: 0.8471
----------
Epoch 215/299 at 2019-05-25 03:22:43.673445
train Loss: 0.4991
valid Loss: 0.8700
----------
Epoch 216/299 at 2019-05-25 03:24:01.964584
train Loss: 0.4891
valid Loss: 0.8587
----------
Epoch 217/299 at 2019-05-25 03:25:20.305789
train Loss: 0.4928
valid Loss: 0.8808
----------
Epoch 218/299 at 2019-05-25 03:26:38.525619
train Loss: 0.4873
valid Loss: 0.8973
----------
Epoch 219/299 at 2019-05-25 03:27:56.876766
train Loss: 0.4901
valid Loss: 0.8505
----------
Epoch 220/299 at 2019-05-25 03:29:15.059287
train Loss: 0.4947
valid Loss: 0.8600
----------
Epoch 221/299 at 2019-05-25 03:30:33.033555
train Loss: 0.4875
valid Loss: 0.8679
----------
Epoch 222/299 at 2019-05-25 03:31:50.984650
train Loss: 0.4880
valid Loss: 0.8827
----------
Epoch 223/299 at 2019-05-25 03:33:08.816252
train Loss: 0.4832
valid Loss: 0.8701
----------
Epoch 224/299 at 2019-05-25 03:34:26.440639
train Loss: 0.4854
valid Loss: 0.8774
----------
Epoch 225/299 at 2019-05-25 03:35:43.958201
train Loss: 0.4837
valid Loss: 0.8853
----------
Epoch 226/299 at 2019-05-25 03:37:01.738713
train Loss: 0.4838
valid Loss: 0.8681
----------
Epoch 227/299 at 2019-05-25 03:38:19.421079
train Loss: 0.4843
valid Loss: 0.8699
----------
Epoch 228/299 at 2019-05-25 03:39:37.236160
train Loss: 0.4775
valid Loss: 0.8872
----------
Epoch 229/299 at 2019-05-25 03:40:54.961193
train Loss: 0.4809
valid Loss: 0.8748
----------
Epoch 230/299 at 2019-05-25 03:42:12.857995
train Loss: 0.4825
valid Loss: 0.8542
----------
Epoch 231/299 at 2019-05-25 03:43:30.801963
train Loss: 0.4819
valid Loss: 0.8706
----------
Epoch 232/299 at 2019-05-25 03:44:48.658420
train Loss: 0.4800
valid Loss: 0.8881
----------
Epoch 233/299 at 2019-05-25 03:46:06.572956
train Loss: 0.4781
valid Loss: 0.8965
----------
Epoch 234/299 at 2019-05-25 03:47:24.264293
train Loss: 0.4763
valid Loss: 0.8817
----------
Epoch 235/299 at 2019-05-25 03:48:41.921397
train Loss: 0.4813
valid Loss: 0.8696
----------
Epoch 236/299 at 2019-05-25 03:49:59.529705
train Loss: 0.4734
valid Loss: 0.8743
----------
Epoch 237/299 at 2019-05-25 03:51:17.169447
train Loss: 0.4778
valid Loss: 0.8860
----------
Epoch 238/299 at 2019-05-25 03:52:34.996013
train Loss: 0.4741
valid Loss: 0.9020
----------
Epoch 239/299 at 2019-05-25 03:53:52.539307
train Loss: 0.4761
valid Loss: 0.8770
----------
Epoch 240/299 at 2019-05-25 03:55:10.121148
train Loss: 0.4710
valid Loss: 0.8934
----------
Epoch 241/299 at 2019-05-25 03:56:27.916644
train Loss: 0.4717
valid Loss: 0.8997
----------
Epoch 242/299 at 2019-05-25 03:57:45.807795
train Loss: 0.4744
valid Loss: 0.8875
----------
Epoch 243/299 at 2019-05-25 03:59:03.596435
train Loss: 0.4689
valid Loss: 0.9071
----------
Epoch 244/299 at 2019-05-25 04:00:21.500772
train Loss: 0.4746
valid Loss: 0.9053
----------
Epoch 245/299 at 2019-05-25 04:01:39.263431
train Loss: 0.4727
valid Loss: 0.8818
----------
Epoch 246/299 at 2019-05-25 04:02:56.850766
train Loss: 0.4718
valid Loss: 0.8880
----------
Epoch 247/299 at 2019-05-25 04:04:14.586925
train Loss: 0.4721
valid Loss: 0.8860
----------
Epoch 248/299 at 2019-05-25 04:05:32.459210
train Loss: 0.4651
valid Loss: 0.8803
----------
Epoch 249/299 at 2019-05-25 04:06:50.655921
train Loss: 0.4719
valid Loss: 0.8923
----------
Epoch 250/299 at 2019-05-25 04:08:08.601539
train Loss: 0.4661
valid Loss: 0.8785
----------
Epoch 251/299 at 2019-05-25 04:09:26.390526
train Loss: 0.4718
valid Loss: 0.8986
----------
Epoch 252/299 at 2019-05-25 04:10:44.360803
train Loss: 0.4675
valid Loss: 0.8797
----------
Epoch 253/299 at 2019-05-25 04:12:02.101001
train Loss: 0.4675
valid Loss: 0.8950
----------
Epoch 254/299 at 2019-05-25 04:13:19.868471
train Loss: 0.4682
valid Loss: 0.8780
----------
Epoch 255/299 at 2019-05-25 04:14:37.737469
train Loss: 0.4616
valid Loss: 0.8728
----------
Epoch 256/299 at 2019-05-25 04:15:55.594636
train Loss: 0.4623
valid Loss: 0.8828
----------
Epoch 257/299 at 2019-05-25 04:17:13.527997
train Loss: 0.4674
valid Loss: 0.8701
----------
Epoch 258/299 at 2019-05-25 04:18:31.279095
train Loss: 0.4597
valid Loss: 0.9097
----------
Epoch 259/299 at 2019-05-25 04:19:49.070391
train Loss: 0.4539
valid Loss: 0.8775
----------
Epoch 260/299 at 2019-05-25 04:21:07.036080
train Loss: 0.4665
valid Loss: 0.8780
----------
Epoch 261/299 at 2019-05-25 04:22:24.966750
train Loss: 0.4604
valid Loss: 0.9117
----------
Epoch 262/299 at 2019-05-25 04:23:42.764306
train Loss: 0.4556
valid Loss: 0.8954
----------
Epoch 263/299 at 2019-05-25 04:25:00.551149
train Loss: 0.4644
valid Loss: 0.8907
----------
Epoch 264/299 at 2019-05-25 04:26:18.350694
train Loss: 0.4645
valid Loss: 0.9080
----------
Epoch 265/299 at 2019-05-25 04:27:36.086619
train Loss: 0.4578
valid Loss: 0.8865
----------
Epoch 266/299 at 2019-05-25 04:28:53.900631
train Loss: 0.4639
valid Loss: 0.8918
----------
Epoch 267/299 at 2019-05-25 04:30:11.838875
train Loss: 0.4660
valid Loss: 0.8985
----------
Epoch 268/299 at 2019-05-25 04:31:29.600433
train Loss: 0.4604
valid Loss: 0.8933
----------
Epoch 269/299 at 2019-05-25 04:32:47.357877
train Loss: 0.4621
valid Loss: 0.8827
----------
Epoch 270/299 at 2019-05-25 04:34:05.023587
train Loss: 0.4529
valid Loss: 0.9010
----------
Epoch 271/299 at 2019-05-25 04:35:22.912906
train Loss: 0.4521
valid Loss: 0.9075
----------
Epoch 272/299 at 2019-05-25 04:36:40.791595
train Loss: 0.4608
valid Loss: 0.8855
----------
Epoch 273/299 at 2019-05-25 04:37:58.750846
train Loss: 0.4581
valid Loss: 0.9100
----------
Epoch 274/299 at 2019-05-25 04:39:16.694489
train Loss: 0.4551
valid Loss: 0.9119
----------
Epoch 275/299 at 2019-05-25 04:40:34.616365
train Loss: 0.4501
valid Loss: 0.9172
----------
Epoch 276/299 at 2019-05-25 04:41:52.522993
train Loss: 0.4507
valid Loss: 0.9152
----------
Epoch 277/299 at 2019-05-25 04:43:10.438014
train Loss: 0.4547
valid Loss: 0.9130
----------
Epoch 278/299 at 2019-05-25 04:44:28.288417
train Loss: 0.4520
valid Loss: 0.9263
----------
Epoch 279/299 at 2019-05-25 04:45:46.205627
train Loss: 0.4507
valid Loss: 0.9044
----------
Epoch 280/299 at 2019-05-25 04:47:03.964047
train Loss: 0.4591
valid Loss: 0.8866
----------
Epoch 281/299 at 2019-05-25 04:48:21.573598
train Loss: 0.4525
valid Loss: 0.8837
----------
Epoch 282/299 at 2019-05-25 04:49:39.152194
train Loss: 0.4548
valid Loss: 0.8830
----------
Epoch 283/299 at 2019-05-25 04:50:56.921412
train Loss: 0.4495
valid Loss: 0.9125
----------
Epoch 284/299 at 2019-05-25 04:52:14.716123
train Loss: 0.4572
valid Loss: 0.9069
----------
Epoch 285/299 at 2019-05-25 04:53:32.374986
train Loss: 0.4520
valid Loss: 0.9022
----------
Epoch 286/299 at 2019-05-25 04:54:50.108819
train Loss: 0.4480
valid Loss: 0.9062
----------
Epoch 287/299 at 2019-05-25 04:56:07.874385
train Loss: 0.4457
valid Loss: 0.9099
----------
Epoch 288/299 at 2019-05-25 04:57:25.653536
train Loss: 0.4429
valid Loss: 0.9174
----------
Epoch 289/299 at 2019-05-25 04:58:43.488271
train Loss: 0.4481
valid Loss: 0.9108
----------
Epoch 290/299 at 2019-05-25 05:00:01.378727
train Loss: 0.4487
valid Loss: 0.8855
----------
Epoch 291/299 at 2019-05-25 05:01:19.342142
train Loss: 0.4460
valid Loss: 0.9205
----------
Epoch 292/299 at 2019-05-25 05:02:37.294818
train Loss: 0.4399
valid Loss: 0.8978
----------
Epoch 293/299 at 2019-05-25 05:03:55.540691
train Loss: 0.4466
valid Loss: 0.9208
----------
Epoch 294/299 at 2019-05-25 05:05:13.766869
train Loss: 0.4468
valid Loss: 0.9016
----------
Epoch 295/299 at 2019-05-25 05:06:32.311593
train Loss: 0.4432
valid Loss: 0.8826
----------
Epoch 296/299 at 2019-05-25 05:07:50.759341
train Loss: 0.4421
valid Loss: 0.9065
----------
Epoch 297/299 at 2019-05-25 05:09:09.097631
train Loss: 0.4426
valid Loss: 0.9273
----------
Epoch 298/299 at 2019-05-25 05:10:27.486971
train Loss: 0.4473
valid Loss: 0.9293
----------
Epoch 299/299 at 2019-05-25 05:11:45.615277
train Loss: 0.4401
valid Loss: 0.8878
Training complete in 396m 55s
