model dir: /ahg/regevdata/projects/CRISPR-libraries/prj/lib-modeling/portable_modeling/out/c_ag_res/model_HEK293T_12kChar_BE4_0_190524_enc_64x2_dec_256x2_nc_r5_d0.05/
Hyperparameters: encoder_hidden_sizes:64,64+decoder_hidden_sizes:256,256+context_feature:1+fullcontext_feature:0+position_feature:1+context_radii:5+dropout_p:0.05
x_dim: 74
y_mask_dim: 180
train_test_id: 0
----------
Epoch 0/299 at 2019-05-24 22:41:33.063482
train Loss: 1.2490
valid Loss: 0.8943
----------
Epoch 1/299 at 2019-05-24 22:42:49.828079
train Loss: 0.9022
valid Loss: 0.8515
----------
Epoch 2/299 at 2019-05-24 22:44:06.445025
train Loss: 0.8670
valid Loss: 0.8008
----------
Epoch 3/299 at 2019-05-24 22:45:23.106864
train Loss: 0.8307
valid Loss: 1.0088
----------
Epoch 4/299 at 2019-05-24 22:46:39.489078
train Loss: 0.8106
valid Loss: 0.8816
----------
Epoch 5/299 at 2019-05-24 22:47:56.183487
train Loss: 0.7951
valid Loss: 0.7781
----------
Epoch 6/299 at 2019-05-24 22:49:13.559471
train Loss: 0.7782
valid Loss: 0.7489
----------
Epoch 7/299 at 2019-05-24 22:50:31.106018
train Loss: 0.7613
valid Loss: 0.7570
----------
Epoch 8/299 at 2019-05-24 22:51:48.469634
train Loss: 0.7541
valid Loss: 0.7477
----------
Epoch 9/299 at 2019-05-24 22:53:05.676577
train Loss: 0.7445
valid Loss: 0.7236
----------
Epoch 10/299 at 2019-05-24 22:54:22.685257
train Loss: 0.7301
valid Loss: 0.7316
----------
Epoch 11/299 at 2019-05-24 22:55:39.704435
train Loss: 0.7233
valid Loss: 0.7254
----------
Epoch 12/299 at 2019-05-24 22:56:56.834773
train Loss: 0.7142
valid Loss: 0.7076
----------
Epoch 13/299 at 2019-05-24 22:58:13.807023
train Loss: 0.7086
valid Loss: 0.7450
----------
Epoch 14/299 at 2019-05-24 22:59:31.122881
train Loss: 0.7066
valid Loss: 0.7841
----------
Epoch 15/299 at 2019-05-24 23:00:48.505498
train Loss: 0.7011
valid Loss: 0.7056
----------
Epoch 16/299 at 2019-05-24 23:02:05.953000
train Loss: 0.6920
valid Loss: 0.7177
----------
Epoch 17/299 at 2019-05-24 23:03:23.073819
train Loss: 0.6868
valid Loss: 0.6941
----------
Epoch 18/299 at 2019-05-24 23:04:39.834305
train Loss: 0.6841
valid Loss: 0.6855
----------
Epoch 19/299 at 2019-05-24 23:05:56.684517
train Loss: 0.6782
valid Loss: 0.6955
----------
Epoch 20/299 at 2019-05-24 23:07:13.385350
train Loss: 0.6808
valid Loss: 0.6896
----------
Epoch 21/299 at 2019-05-24 23:08:29.946662
train Loss: 0.6788
valid Loss: 0.7094
----------
Epoch 22/299 at 2019-05-24 23:09:46.645811
train Loss: 0.6690
valid Loss: 0.7421
----------
Epoch 23/299 at 2019-05-24 23:11:04.078647
train Loss: 0.6699
valid Loss: 0.6825
----------
Epoch 24/299 at 2019-05-24 23:12:21.535510
train Loss: 0.6682
valid Loss: 0.6925
----------
Epoch 25/299 at 2019-05-24 23:13:39.141566
train Loss: 0.6616
valid Loss: 0.6847
----------
Epoch 26/299 at 2019-05-24 23:14:56.411465
train Loss: 0.6600
valid Loss: 0.6994
----------
Epoch 27/299 at 2019-05-24 23:16:13.488615
train Loss: 0.6555
valid Loss: 0.6933
----------
Epoch 28/299 at 2019-05-24 23:17:30.441339
train Loss: 0.6541
valid Loss: 0.6911
----------
Epoch 29/299 at 2019-05-24 23:18:47.327337
train Loss: 0.6502
valid Loss: 0.6872
----------
Epoch 30/299 at 2019-05-24 23:20:04.205099
train Loss: 0.6499
valid Loss: 0.7349
----------
Epoch 31/299 at 2019-05-24 23:21:21.209716
train Loss: 0.6493
valid Loss: 0.6845
----------
Epoch 32/299 at 2019-05-24 23:22:37.960799
train Loss: 0.6486
valid Loss: 0.6773
----------
Epoch 33/299 at 2019-05-24 23:23:54.771395
train Loss: 0.6445
valid Loss: 0.6804
----------
Epoch 34/299 at 2019-05-24 23:25:11.271230
train Loss: 0.6425
valid Loss: 0.6910
----------
Epoch 35/299 at 2019-05-24 23:26:27.726404
train Loss: 0.6389
valid Loss: 0.7147
----------
Epoch 36/299 at 2019-05-24 23:27:43.982777
train Loss: 0.6397
valid Loss: 0.6799
----------
Epoch 37/299 at 2019-05-24 23:29:00.391181
train Loss: 0.6367
valid Loss: 0.7785
----------
Epoch 38/299 at 2019-05-24 23:30:16.674244
train Loss: 0.6391
valid Loss: 0.6745
----------
Epoch 39/299 at 2019-05-24 23:31:33.288738
train Loss: 0.6328
valid Loss: 0.6909
----------
Epoch 40/299 at 2019-05-24 23:32:50.136405
train Loss: 0.6317
valid Loss: 0.6787
----------
Epoch 41/299 at 2019-05-24 23:34:07.054923
train Loss: 0.6319
valid Loss: 0.6775
----------
Epoch 42/299 at 2019-05-24 23:35:24.225028
train Loss: 0.6278
valid Loss: 0.6865
----------
Epoch 43/299 at 2019-05-24 23:36:41.033825
train Loss: 0.6295
valid Loss: 0.6767
----------
Epoch 44/299 at 2019-05-24 23:37:57.813648
train Loss: 0.6260
valid Loss: 0.6940
----------
Epoch 45/299 at 2019-05-24 23:39:14.492906
train Loss: 0.6245
valid Loss: 0.6804
----------
Epoch 46/299 at 2019-05-24 23:40:30.835091
train Loss: 0.6232
valid Loss: 0.6890
----------
Epoch 47/299 at 2019-05-24 23:41:46.982742
train Loss: 0.6210
valid Loss: 0.6735
----------
Epoch 48/299 at 2019-05-24 23:43:03.222435
train Loss: 0.6175
valid Loss: 0.6928
----------
Epoch 49/299 at 2019-05-24 23:44:19.708057
train Loss: 0.6188
valid Loss: 0.6873
----------
Epoch 50/299 at 2019-05-24 23:45:36.085777
train Loss: 0.6183
valid Loss: 0.6867
----------
Epoch 51/299 at 2019-05-24 23:46:52.486065
train Loss: 0.6122
valid Loss: 0.6778
----------
Epoch 52/299 at 2019-05-24 23:48:08.960870
train Loss: 0.6152
valid Loss: 0.6904
----------
Epoch 53/299 at 2019-05-24 23:49:25.540987
train Loss: 0.6118
valid Loss: 0.6803
----------
Epoch 54/299 at 2019-05-24 23:50:42.251573
train Loss: 0.6111
valid Loss: 0.6966
----------
Epoch 55/299 at 2019-05-24 23:51:58.987598
train Loss: 0.6081
valid Loss: 0.6903
----------
Epoch 56/299 at 2019-05-24 23:53:15.638113
train Loss: 0.6092
valid Loss: 0.6814
----------
Epoch 57/299 at 2019-05-24 23:54:32.408786
train Loss: 0.6072
valid Loss: 0.6940
----------
Epoch 58/299 at 2019-05-24 23:55:49.454967
train Loss: 0.6059
valid Loss: 0.6897
----------
Epoch 59/299 at 2019-05-24 23:57:06.234417
train Loss: 0.6036
valid Loss: 0.6842
----------
Epoch 60/299 at 2019-05-24 23:58:23.116138
train Loss: 0.6043
valid Loss: 0.6975
----------
Epoch 61/299 at 2019-05-24 23:59:39.941678
train Loss: 0.6028
valid Loss: 0.6936
----------
Epoch 62/299 at 2019-05-25 00:00:56.758035
train Loss: 0.6007
valid Loss: 0.6891
----------
Epoch 63/299 at 2019-05-25 00:02:13.637805
train Loss: 0.6024
valid Loss: 0.6782
----------
Epoch 64/299 at 2019-05-25 00:03:30.569537
train Loss: 0.5988
valid Loss: 0.6824
----------
Epoch 65/299 at 2019-05-25 00:04:47.383402
train Loss: 0.5992
valid Loss: 0.6946
----------
Epoch 66/299 at 2019-05-25 00:06:04.407271
train Loss: 0.5953
valid Loss: 0.6991
----------
Epoch 67/299 at 2019-05-25 00:07:21.426634
train Loss: 0.5955
valid Loss: 0.6793
----------
Epoch 68/299 at 2019-05-25 00:08:38.482978
train Loss: 0.5956
valid Loss: 0.6792
----------
Epoch 69/299 at 2019-05-25 00:09:55.408696
train Loss: 0.5928
valid Loss: 0.6854
----------
Epoch 70/299 at 2019-05-25 00:11:12.254708
train Loss: 0.5919
valid Loss: 0.6775
----------
Epoch 71/299 at 2019-05-25 00:12:28.851573
train Loss: 0.5872
valid Loss: 0.6608
----------
Epoch 72/299 at 2019-05-25 00:13:45.483831
train Loss: 0.5906
valid Loss: 0.6919
----------
Epoch 73/299 at 2019-05-25 00:15:02.189796
train Loss: 0.5913
valid Loss: 0.6802
----------
Epoch 74/299 at 2019-05-25 00:16:18.675507
train Loss: 0.5858
valid Loss: 0.6893
----------
Epoch 75/299 at 2019-05-25 00:17:35.145078
train Loss: 0.5841
valid Loss: 0.6801
----------
Epoch 76/299 at 2019-05-25 00:18:51.810906
train Loss: 0.5819
valid Loss: 0.6796
----------
Epoch 77/299 at 2019-05-25 00:20:08.625194
train Loss: 0.5798
valid Loss: 0.6738
----------
Epoch 78/299 at 2019-05-25 00:21:25.525034
train Loss: 0.5817
valid Loss: 0.7088
----------
Epoch 79/299 at 2019-05-25 00:22:42.527108
train Loss: 0.5801
valid Loss: 0.6746
----------
Epoch 80/299 at 2019-05-25 00:23:59.608432
train Loss: 0.5808
valid Loss: 0.6842
----------
Epoch 81/299 at 2019-05-25 00:25:16.700214
train Loss: 0.5794
valid Loss: 0.6965
----------
Epoch 82/299 at 2019-05-25 00:26:33.826345
train Loss: 0.5761
valid Loss: 0.6788
----------
Epoch 83/299 at 2019-05-25 00:27:50.970131
train Loss: 0.5749
valid Loss: 0.6883
----------
Epoch 84/299 at 2019-05-25 00:29:08.077720
train Loss: 0.5747
valid Loss: 0.6983
----------
Epoch 85/299 at 2019-05-25 00:30:25.043225
train Loss: 0.5732
valid Loss: 0.6882
----------
Epoch 86/299 at 2019-05-25 00:31:41.991796
train Loss: 0.5731
valid Loss: 0.7111
----------
Epoch 87/299 at 2019-05-25 00:32:58.892744
train Loss: 0.5744
valid Loss: 0.6822
----------
Epoch 88/299 at 2019-05-25 00:34:15.758778
train Loss: 0.5704
valid Loss: 0.6879
----------
Epoch 89/299 at 2019-05-25 00:35:32.565136
train Loss: 0.5719
valid Loss: 0.6818
----------
Epoch 90/299 at 2019-05-25 00:36:49.455282
train Loss: 0.5676
valid Loss: 0.6873
----------
Epoch 91/299 at 2019-05-25 00:38:06.479438
train Loss: 0.5660
valid Loss: 0.7000
----------
Epoch 92/299 at 2019-05-25 00:39:23.484869
train Loss: 0.5657
valid Loss: 0.6871
----------
Epoch 93/299 at 2019-05-25 00:40:40.514059
train Loss: 0.5657
valid Loss: 0.6819
----------
Epoch 94/299 at 2019-05-25 00:41:57.815727
train Loss: 0.5653
valid Loss: 0.6853
----------
Epoch 95/299 at 2019-05-25 00:43:14.843787
train Loss: 0.5639
valid Loss: 0.6801
----------
Epoch 96/299 at 2019-05-25 00:44:31.937727
train Loss: 0.5649
valid Loss: 0.6853
----------
Epoch 97/299 at 2019-05-25 00:45:48.984892
train Loss: 0.5621
valid Loss: 0.7011
----------
Epoch 98/299 at 2019-05-25 00:47:06.052150
train Loss: 0.5628
valid Loss: 0.6949
----------
Epoch 99/299 at 2019-05-25 00:48:23.070515
train Loss: 0.5570
valid Loss: 0.6914
----------
Epoch 100/299 at 2019-05-25 00:49:40.042419
train Loss: 0.5561
valid Loss: 0.6897
----------
Epoch 101/299 at 2019-05-25 00:50:56.958919
train Loss: 0.5579
valid Loss: 0.6904
----------
Epoch 102/299 at 2019-05-25 00:52:13.954732
train Loss: 0.5576
valid Loss: 0.6851
----------
Epoch 103/299 at 2019-05-25 00:53:30.771103
train Loss: 0.5558
valid Loss: 0.6992
----------
Epoch 104/299 at 2019-05-25 00:54:47.586306
train Loss: 0.5529
valid Loss: 0.7002
----------
Epoch 105/299 at 2019-05-25 00:56:04.450275
train Loss: 0.5524
valid Loss: 0.6997
----------
Epoch 106/299 at 2019-05-25 00:57:21.483382
train Loss: 0.5532
valid Loss: 0.6956
----------
Epoch 107/299 at 2019-05-25 00:58:38.508176
train Loss: 0.5482
valid Loss: 0.7053
----------
Epoch 108/299 at 2019-05-25 00:59:55.551030
train Loss: 0.5491
valid Loss: 0.7134
----------
Epoch 109/299 at 2019-05-25 01:01:12.817105
train Loss: 0.5486
valid Loss: 0.6949
----------
Epoch 110/299 at 2019-05-25 01:02:30.062215
train Loss: 0.5498
valid Loss: 0.6978
----------
Epoch 111/299 at 2019-05-25 01:03:47.190142
train Loss: 0.5484
valid Loss: 0.6954
----------
Epoch 112/299 at 2019-05-25 01:05:04.339767
train Loss: 0.5470
valid Loss: 0.6921
----------
Epoch 113/299 at 2019-05-25 01:06:21.596198
train Loss: 0.5440
valid Loss: 0.6994
----------
Epoch 114/299 at 2019-05-25 01:07:38.590208
train Loss: 0.5452
valid Loss: 0.6887
----------
Epoch 115/299 at 2019-05-25 01:08:55.519810
train Loss: 0.5441
valid Loss: 0.7090
----------
Epoch 116/299 at 2019-05-25 01:10:12.420052
train Loss: 0.5417
valid Loss: 0.7000
----------
Epoch 117/299 at 2019-05-25 01:11:29.413932
train Loss: 0.5447
valid Loss: 0.6920
----------
Epoch 118/299 at 2019-05-25 01:12:46.611557
train Loss: 0.5430
valid Loss: 0.6931
----------
Epoch 119/299 at 2019-05-25 01:14:03.727774
train Loss: 0.5399
valid Loss: 0.6932
----------
Epoch 120/299 at 2019-05-25 01:15:20.898180
train Loss: 0.5381
valid Loss: 0.7013
----------
Epoch 121/299 at 2019-05-25 01:16:38.084456
train Loss: 0.5373
valid Loss: 0.6970
----------
Epoch 122/299 at 2019-05-25 01:17:55.243964
train Loss: 0.5369
valid Loss: 0.7014
----------
Epoch 123/299 at 2019-05-25 01:19:12.280869
train Loss: 0.5377
valid Loss: 0.7052
----------
Epoch 124/299 at 2019-05-25 01:20:29.316301
train Loss: 0.5362
valid Loss: 0.7386
----------
Epoch 125/299 at 2019-05-25 01:21:46.460370
train Loss: 0.5348
valid Loss: 0.7023
----------
Epoch 126/299 at 2019-05-25 01:23:03.554307
train Loss: 0.5327
valid Loss: 0.6899
----------
Epoch 127/299 at 2019-05-25 01:24:20.625853
train Loss: 0.5306
valid Loss: 0.6992
----------
Epoch 128/299 at 2019-05-25 01:25:37.755042
train Loss: 0.5299
valid Loss: 0.7034
----------
Epoch 129/299 at 2019-05-25 01:26:54.857100
train Loss: 0.5300
valid Loss: 0.6976
----------
Epoch 130/299 at 2019-05-25 01:28:11.806062
train Loss: 0.5303
valid Loss: 0.7031
----------
Epoch 131/299 at 2019-05-25 01:29:28.760557
train Loss: 0.5345
valid Loss: 0.7204
----------
Epoch 132/299 at 2019-05-25 01:30:45.702859
train Loss: 0.5253
valid Loss: 0.6960
----------
Epoch 133/299 at 2019-05-25 01:32:02.596040
train Loss: 0.5257
valid Loss: 0.7061
----------
Epoch 134/299 at 2019-05-25 01:33:19.612217
train Loss: 0.5244
valid Loss: 0.7084
----------
Epoch 135/299 at 2019-05-25 01:34:36.665373
train Loss: 0.5251
valid Loss: 0.7265
----------
Epoch 136/299 at 2019-05-25 01:35:53.793699
train Loss: 0.5229
valid Loss: 0.7124
----------
Epoch 137/299 at 2019-05-25 01:37:10.841180
train Loss: 0.5225
valid Loss: 0.7168
----------
Epoch 138/299 at 2019-05-25 01:38:27.914335
train Loss: 0.5223
valid Loss: 0.7048
----------
Epoch 139/299 at 2019-05-25 01:39:44.980810
train Loss: 0.5199
valid Loss: 0.6956
----------
Epoch 140/299 at 2019-05-25 01:41:01.971120
train Loss: 0.5202
valid Loss: 0.7210
----------
Epoch 141/299 at 2019-05-25 01:42:18.823418
train Loss: 0.5186
valid Loss: 0.7068
----------
Epoch 142/299 at 2019-05-25 01:43:35.580591
train Loss: 0.5189
valid Loss: 0.6980
----------
Epoch 143/299 at 2019-05-25 01:44:52.538744
train Loss: 0.5162
valid Loss: 0.7235
----------
Epoch 144/299 at 2019-05-25 01:46:09.427155
train Loss: 0.5184
valid Loss: 0.7078
----------
Epoch 145/299 at 2019-05-25 01:47:26.244746
train Loss: 0.5169
valid Loss: 0.7099
----------
Epoch 146/299 at 2019-05-25 01:48:43.115453
train Loss: 0.5144
valid Loss: 0.7037
----------
Epoch 147/299 at 2019-05-25 01:49:59.875957
train Loss: 0.5156
valid Loss: 0.7032
----------
Epoch 148/299 at 2019-05-25 01:51:16.729061
train Loss: 0.5129
valid Loss: 0.7158
----------
Epoch 149/299 at 2019-05-25 01:52:33.445433
train Loss: 0.5136
valid Loss: 0.7198
----------
Epoch 150/299 at 2019-05-25 01:53:50.116169
train Loss: 0.5129
valid Loss: 0.7113
----------
Epoch 151/299 at 2019-05-25 01:55:06.834286
train Loss: 0.5121
valid Loss: 0.7031
----------
Epoch 152/299 at 2019-05-25 01:56:23.527875
train Loss: 0.5102
valid Loss: 0.7271
----------
Epoch 153/299 at 2019-05-25 01:57:40.172186
train Loss: 0.5113
valid Loss: 0.7019
----------
Epoch 154/299 at 2019-05-25 01:58:56.893396
train Loss: 0.5103
valid Loss: 0.7108
----------
Epoch 155/299 at 2019-05-25 02:00:13.527827
train Loss: 0.5093
valid Loss: 0.7066
----------
Epoch 156/299 at 2019-05-25 02:01:30.159775
train Loss: 0.5066
valid Loss: 0.7127
----------
Epoch 157/299 at 2019-05-25 02:02:46.999221
train Loss: 0.5068
valid Loss: 0.7196
----------
Epoch 158/299 at 2019-05-25 02:04:03.914539
train Loss: 0.5066
valid Loss: 0.7412
----------
Epoch 159/299 at 2019-05-25 02:05:20.887451
train Loss: 0.5061
valid Loss: 0.7305
----------
Epoch 160/299 at 2019-05-25 02:06:38.145295
train Loss: 0.5068
valid Loss: 0.7381
----------
Epoch 161/299 at 2019-05-25 02:07:55.007809
train Loss: 0.5033
valid Loss: 0.7127
----------
Epoch 162/299 at 2019-05-25 02:09:11.836551
train Loss: 0.5047
valid Loss: 0.7147
----------
Epoch 163/299 at 2019-05-25 02:10:28.628112
train Loss: 0.5005
valid Loss: 0.7150
----------
Epoch 164/299 at 2019-05-25 02:11:45.407960
train Loss: 0.5011
valid Loss: 0.7143
----------
Epoch 165/299 at 2019-05-25 02:13:02.003932
train Loss: 0.4994
valid Loss: 0.7311
----------
Epoch 166/299 at 2019-05-25 02:14:18.627801
train Loss: 0.4986
valid Loss: 0.7161
----------
Epoch 167/299 at 2019-05-25 02:15:35.191125
train Loss: 0.4986
valid Loss: 0.7197
----------
Epoch 168/299 at 2019-05-25 02:16:51.757630
train Loss: 0.4985
valid Loss: 0.7083
----------
Epoch 169/299 at 2019-05-25 02:18:08.399658
train Loss: 0.5011
valid Loss: 0.7142
----------
Epoch 170/299 at 2019-05-25 02:19:25.228764
train Loss: 0.4967
valid Loss: 0.7112
----------
Epoch 171/299 at 2019-05-25 02:20:42.132966
train Loss: 0.4971
valid Loss: 0.7184
----------
Epoch 172/299 at 2019-05-25 02:21:59.065396
train Loss: 0.4994
valid Loss: 0.7098
----------
Epoch 173/299 at 2019-05-25 02:23:15.962860
train Loss: 0.4942
valid Loss: 0.7172
----------
Epoch 174/299 at 2019-05-25 02:24:32.963214
train Loss: 0.4959
valid Loss: 0.7140
----------
Epoch 175/299 at 2019-05-25 02:25:49.790999
train Loss: 0.4926
valid Loss: 0.7237
----------
Epoch 176/299 at 2019-05-25 02:27:06.740360
train Loss: 0.4919
valid Loss: 0.7278
----------
Epoch 177/299 at 2019-05-25 02:28:23.503825
train Loss: 0.4915
valid Loss: 0.7207
----------
Epoch 178/299 at 2019-05-25 02:29:40.245352
train Loss: 0.4889
valid Loss: 0.7298
----------
Epoch 179/299 at 2019-05-25 02:30:56.999227
train Loss: 0.4895
valid Loss: 0.7241
----------
Epoch 180/299 at 2019-05-25 02:32:13.704885
train Loss: 0.4902
valid Loss: 0.7406
----------
Epoch 181/299 at 2019-05-25 02:33:30.618339
train Loss: 0.4883
valid Loss: 0.7186
----------
Epoch 182/299 at 2019-05-25 02:34:47.507111
train Loss: 0.4880
valid Loss: 0.7190
----------
Epoch 183/299 at 2019-05-25 02:36:04.333302
train Loss: 0.4883
valid Loss: 0.7189
----------
Epoch 184/299 at 2019-05-25 02:37:21.077778
train Loss: 0.4856
valid Loss: 0.7163
----------
Epoch 185/299 at 2019-05-25 02:38:37.884902
train Loss: 0.4865
valid Loss: 0.7197
----------
Epoch 186/299 at 2019-05-25 02:39:54.682512
train Loss: 0.4821
valid Loss: 0.7156
----------
Epoch 187/299 at 2019-05-25 02:41:11.555173
train Loss: 0.4876
valid Loss: 0.7190
----------
Epoch 188/299 at 2019-05-25 02:42:28.460010
train Loss: 0.4841
valid Loss: 0.7241
----------
Epoch 189/299 at 2019-05-25 02:43:45.439558
train Loss: 0.4848
valid Loss: 0.7546
----------
Epoch 190/299 at 2019-05-25 02:45:02.359641
train Loss: 0.4836
valid Loss: 0.7233
----------
Epoch 191/299 at 2019-05-25 02:46:19.393222
train Loss: 0.4789
valid Loss: 0.7313
----------
Epoch 192/299 at 2019-05-25 02:47:36.503050
train Loss: 0.4776
valid Loss: 0.7309
----------
Epoch 193/299 at 2019-05-25 02:48:53.551358
train Loss: 0.4782
valid Loss: 0.7236
----------
Epoch 194/299 at 2019-05-25 02:50:10.476289
train Loss: 0.4815
valid Loss: 0.7228
----------
Epoch 195/299 at 2019-05-25 02:51:27.467597
train Loss: 0.4799
valid Loss: 0.7210
----------
Epoch 196/299 at 2019-05-25 02:52:44.484339
train Loss: 0.4817
valid Loss: 0.7316
----------
Epoch 197/299 at 2019-05-25 02:54:01.590789
train Loss: 0.4784
valid Loss: 0.7179
----------
Epoch 198/299 at 2019-05-25 02:55:18.633617
train Loss: 0.4759
valid Loss: 0.7262
----------
Epoch 199/299 at 2019-05-25 02:56:35.625374
train Loss: 0.4785
valid Loss: 0.7533
----------
Epoch 200/299 at 2019-05-25 02:57:52.580944
train Loss: 0.4795
valid Loss: 0.7126
----------
Epoch 201/299 at 2019-05-25 02:59:09.394214
train Loss: 0.4746
valid Loss: 0.7315
----------
Epoch 202/299 at 2019-05-25 03:00:26.187344
train Loss: 0.4749
valid Loss: 0.7385
----------
Epoch 203/299 at 2019-05-25 03:01:42.967478
train Loss: 0.4701
valid Loss: 0.7248
----------
Epoch 204/299 at 2019-05-25 03:02:59.775460
train Loss: 0.4725
valid Loss: 0.7282
----------
Epoch 205/299 at 2019-05-25 03:04:16.616564
train Loss: 0.4720
valid Loss: 0.7180
----------
Epoch 206/299 at 2019-05-25 03:05:33.654348
train Loss: 0.4718
valid Loss: 0.7298
----------
Epoch 207/299 at 2019-05-25 03:06:50.904291
train Loss: 0.4744
valid Loss: 0.7212
----------
Epoch 208/299 at 2019-05-25 03:08:07.853169
train Loss: 0.4745
valid Loss: 0.7207
----------
Epoch 209/299 at 2019-05-25 03:09:24.789443
train Loss: 0.4719
valid Loss: 0.7237
----------
Epoch 210/299 at 2019-05-25 03:10:41.819471
train Loss: 0.4676
valid Loss: 0.7358
----------
Epoch 211/299 at 2019-05-25 03:11:58.764853
train Loss: 0.4704
valid Loss: 0.7384
----------
Epoch 212/299 at 2019-05-25 03:13:15.745609
train Loss: 0.4681
valid Loss: 0.7364
----------
Epoch 213/299 at 2019-05-25 03:14:32.740181
train Loss: 0.4680
valid Loss: 0.7261
----------
Epoch 214/299 at 2019-05-25 03:15:49.816495
train Loss: 0.4682
valid Loss: 0.7365
----------
Epoch 215/299 at 2019-05-25 03:17:06.926840
train Loss: 0.4666
valid Loss: 0.7211
----------
Epoch 216/299 at 2019-05-25 03:18:24.104458
train Loss: 0.4623
valid Loss: 0.7405
----------
Epoch 217/299 at 2019-05-25 03:19:41.609774
train Loss: 0.4673
valid Loss: 0.7269
----------
Epoch 218/299 at 2019-05-25 03:20:59.527382
train Loss: 0.4631
valid Loss: 0.7233
----------
Epoch 219/299 at 2019-05-25 03:22:17.486897
train Loss: 0.4635
valid Loss: 0.7412
----------
Epoch 220/299 at 2019-05-25 03:23:35.437170
train Loss: 0.4615
valid Loss: 0.7298
----------
Epoch 221/299 at 2019-05-25 03:24:53.356177
train Loss: 0.4636
valid Loss: 0.7222
----------
Epoch 222/299 at 2019-05-25 03:26:11.368115
train Loss: 0.4637
valid Loss: 0.7263
----------
Epoch 223/299 at 2019-05-25 03:27:29.367567
train Loss: 0.4616
valid Loss: 0.7274
----------
Epoch 224/299 at 2019-05-25 03:28:47.231636
train Loss: 0.4607
valid Loss: 0.7468
----------
Epoch 225/299 at 2019-05-25 03:30:05.112883
train Loss: 0.4630
valid Loss: 0.7358
----------
Epoch 226/299 at 2019-05-25 03:31:22.868746
train Loss: 0.4595
valid Loss: 0.7375
----------
Epoch 227/299 at 2019-05-25 03:32:40.477726
train Loss: 0.4587
valid Loss: 0.7347
----------
Epoch 228/299 at 2019-05-25 03:33:57.599122
train Loss: 0.4594
valid Loss: 0.7368
----------
Epoch 229/299 at 2019-05-25 03:35:14.073389
train Loss: 0.4584
valid Loss: 0.7197
----------
Epoch 230/299 at 2019-05-25 03:36:28.966955
train Loss: 0.4567
valid Loss: 0.7387
----------
Epoch 231/299 at 2019-05-25 03:37:43.971597
train Loss: 0.4557
valid Loss: 0.7394
----------
Epoch 232/299 at 2019-05-25 03:38:58.953351
train Loss: 0.4574
valid Loss: 0.7413
----------
Epoch 233/299 at 2019-05-25 03:40:13.755962
train Loss: 0.4573
valid Loss: 0.7241
----------
Epoch 234/299 at 2019-05-25 03:41:28.319279
train Loss: 0.4562
valid Loss: 0.7300
----------
Epoch 235/299 at 2019-05-25 03:42:42.722749
train Loss: 0.4581
valid Loss: 0.7411
----------
Epoch 236/299 at 2019-05-25 03:43:56.926065
train Loss: 0.4560
valid Loss: 0.7342
----------
Epoch 237/299 at 2019-05-25 03:45:10.899653
train Loss: 0.4533
valid Loss: 0.7244
----------
Epoch 238/299 at 2019-05-25 03:46:24.307623
train Loss: 0.4531
valid Loss: 0.7282
----------
Epoch 239/299 at 2019-05-25 03:47:37.568176
train Loss: 0.4562
valid Loss: 0.7470
----------
Epoch 240/299 at 2019-05-25 03:48:50.798451
train Loss: 0.4551
valid Loss: 0.7357
----------
Epoch 241/299 at 2019-05-25 03:50:03.935851
train Loss: 0.4512
valid Loss: 0.7292
----------
Epoch 242/299 at 2019-05-25 03:51:17.184402
train Loss: 0.4528
valid Loss: 0.7357
----------
Epoch 243/299 at 2019-05-25 03:52:30.372287
train Loss: 0.4562
valid Loss: 0.7307
----------
Epoch 244/299 at 2019-05-25 03:53:43.516848
train Loss: 0.4517
valid Loss: 0.7366
----------
Epoch 245/299 at 2019-05-25 03:54:56.768263
train Loss: 0.4477
valid Loss: 0.7383
----------
Epoch 246/299 at 2019-05-25 03:56:10.086416
train Loss: 0.4530
valid Loss: 0.7346
----------
Epoch 247/299 at 2019-05-25 03:57:23.437984
train Loss: 0.4508
valid Loss: 0.7345
----------
Epoch 248/299 at 2019-05-25 03:58:36.800869
train Loss: 0.4496
valid Loss: 0.7407
----------
Epoch 249/299 at 2019-05-25 03:59:50.080566
train Loss: 0.4488
valid Loss: 0.7392
----------
Epoch 250/299 at 2019-05-25 04:01:03.460504
train Loss: 0.4464
valid Loss: 0.7386
----------
Epoch 251/299 at 2019-05-25 04:02:16.824669
train Loss: 0.4454
valid Loss: 0.7458
----------
Epoch 252/299 at 2019-05-25 04:03:29.944880
train Loss: 0.4492
valid Loss: 0.7545
----------
Epoch 253/299 at 2019-05-25 04:04:43.336922
train Loss: 0.4467
valid Loss: 0.7261
----------
Epoch 254/299 at 2019-05-25 04:05:57.132284
train Loss: 0.4454
valid Loss: 0.7334
----------
Epoch 255/299 at 2019-05-25 04:07:10.612073
train Loss: 0.4489
valid Loss: 0.7332
----------
Epoch 256/299 at 2019-05-25 04:08:24.033942
train Loss: 0.4460
valid Loss: 0.7258
----------
Epoch 257/299 at 2019-05-25 04:09:37.496170
train Loss: 0.4452
valid Loss: 0.7454
----------
Epoch 258/299 at 2019-05-25 04:10:50.968750
train Loss: 0.4462
valid Loss: 0.7297
----------
Epoch 259/299 at 2019-05-25 04:12:04.295712
train Loss: 0.4436
valid Loss: 0.7306
----------
Epoch 260/299 at 2019-05-25 04:13:17.628644
train Loss: 0.4461
valid Loss: 0.7381
----------
Epoch 261/299 at 2019-05-25 04:14:30.931515
train Loss: 0.4414
valid Loss: 0.7499
----------
Epoch 262/299 at 2019-05-25 04:15:44.305328
train Loss: 0.4425
valid Loss: 0.7419
----------
Epoch 263/299 at 2019-05-25 04:16:57.653045
train Loss: 0.4438
valid Loss: 0.7285
----------
Epoch 264/299 at 2019-05-25 04:18:10.874248
train Loss: 0.4455
valid Loss: 0.7432
----------
Epoch 265/299 at 2019-05-25 04:19:24.097021
train Loss: 0.4426
valid Loss: 0.7315
----------
Epoch 266/299 at 2019-05-25 04:20:37.514863
train Loss: 0.4409
valid Loss: 0.7338
----------
Epoch 267/299 at 2019-05-25 04:21:50.896416
train Loss: 0.4422
valid Loss: 0.7365
----------
Epoch 268/299 at 2019-05-25 04:23:04.319509
train Loss: 0.4405
valid Loss: 0.7347
----------
Epoch 269/299 at 2019-05-25 04:24:17.710350
train Loss: 0.4433
valid Loss: 0.7314
----------
Epoch 270/299 at 2019-05-25 04:25:31.104838
train Loss: 0.4379
valid Loss: 0.7555
----------
Epoch 271/299 at 2019-05-25 04:26:44.396222
train Loss: 0.4394
valid Loss: 0.7354
----------
Epoch 272/299 at 2019-05-25 04:27:57.764437
train Loss: 0.4350
valid Loss: 0.7423
----------
Epoch 273/299 at 2019-05-25 04:29:11.084855
train Loss: 0.4374
valid Loss: 0.7418
----------
Epoch 274/299 at 2019-05-25 04:30:24.569438
train Loss: 0.4350
valid Loss: 0.7400
----------
Epoch 275/299 at 2019-05-25 04:31:37.932010
train Loss: 0.4365
valid Loss: 0.7404
----------
Epoch 276/299 at 2019-05-25 04:32:51.340330
train Loss: 0.4346
valid Loss: 0.7342
----------
Epoch 277/299 at 2019-05-25 04:34:04.531659
train Loss: 0.4348
valid Loss: 0.7404
----------
Epoch 278/299 at 2019-05-25 04:35:17.855723
train Loss: 0.4385
valid Loss: 0.7358
----------
Epoch 279/299 at 2019-05-25 04:36:31.272425
train Loss: 0.4356
valid Loss: 0.7458
----------
Epoch 280/299 at 2019-05-25 04:37:44.689895
train Loss: 0.4389
valid Loss: 0.7406
----------
Epoch 281/299 at 2019-05-25 04:38:58.072602
train Loss: 0.4342
valid Loss: 0.7292
----------
Epoch 282/299 at 2019-05-25 04:40:11.525970
train Loss: 0.4350
valid Loss: 0.7367
----------
Epoch 283/299 at 2019-05-25 04:41:24.933581
train Loss: 0.4335
valid Loss: 0.7352
----------
Epoch 284/299 at 2019-05-25 04:42:38.276118
train Loss: 0.4324
valid Loss: 0.7427
----------
Epoch 285/299 at 2019-05-25 04:43:51.641330
train Loss: 0.4317
valid Loss: 0.7353
----------
Epoch 286/299 at 2019-05-25 04:45:05.007532
train Loss: 0.4290
valid Loss: 0.7403
----------
Epoch 287/299 at 2019-05-25 04:46:18.312384
train Loss: 0.4337
valid Loss: 0.7287
----------
Epoch 288/299 at 2019-05-25 04:47:31.760261
train Loss: 0.4345
valid Loss: 0.7325
----------
Epoch 289/299 at 2019-05-25 04:48:45.010411
train Loss: 0.4285
valid Loss: 0.7366
----------
Epoch 290/299 at 2019-05-25 04:49:58.166030
train Loss: 0.4306
valid Loss: 0.7437
----------
Epoch 291/299 at 2019-05-25 04:51:11.551904
train Loss: 0.4284
valid Loss: 0.7509
----------
Epoch 292/299 at 2019-05-25 04:52:24.874129
train Loss: 0.4306
valid Loss: 0.7423
----------
Epoch 293/299 at 2019-05-25 04:53:38.173940
train Loss: 0.4269
valid Loss: 0.7373
----------
Epoch 294/299 at 2019-05-25 04:54:51.461615
train Loss: 0.4315
valid Loss: 0.7330
----------
Epoch 295/299 at 2019-05-25 04:56:04.858334
train Loss: 0.4317
valid Loss: 0.7471
----------
Epoch 296/299 at 2019-05-25 04:57:18.244185
train Loss: 0.4287
valid Loss: 0.7322
----------
Epoch 297/299 at 2019-05-25 04:58:31.562397
train Loss: 0.4266
valid Loss: 0.7441
----------
Epoch 298/299 at 2019-05-25 04:59:44.889346
train Loss: 0.4291
valid Loss: 0.7414
----------
Epoch 299/299 at 2019-05-25 05:00:58.349255
train Loss: 0.4240
valid Loss: 0.7372
Training complete in 380m 39s
