model dir: /ahg/regevdata/projects/CRISPR-libraries/prj/lib-modeling/portable_modeling/out/c_ag_res/model_HEK293T_12kChar_BE4max_H47ES48A_0_190723_enc_64x2_dec_256x2_nc_r5_d0.05/
Hyperparameters: encoder_hidden_sizes:64,64+decoder_hidden_sizes:256,256+context_feature:1+fullcontext_feature:0+position_feature:1+context_radii:5+dropout_p:0.05
x_dim: 74
y_mask_dim: 180
train_test_id: 0
----------
Epoch 0/299 at 2019-07-23 18:36:37.837040
train Loss: 2.4142
valid Loss: 1.2317
----------
Epoch 1/299 at 2019-07-23 18:37:10.274274
train Loss: 1.2488
valid Loss: 1.5062
----------
Epoch 2/299 at 2019-07-23 18:37:41.928896
train Loss: 1.2025
valid Loss: 1.2329
----------
Epoch 3/299 at 2019-07-23 18:38:13.561258
train Loss: 1.1597
valid Loss: 1.3565
----------
Epoch 4/299 at 2019-07-23 18:38:45.367379
train Loss: 1.1266
valid Loss: 1.1648
----------
Epoch 5/299 at 2019-07-23 18:39:17.167478
train Loss: 1.1158
valid Loss: 1.3549
----------
Epoch 6/299 at 2019-07-23 18:39:49.051334
train Loss: 1.1003
valid Loss: 1.1645
----------
Epoch 7/299 at 2019-07-23 18:40:20.903407
train Loss: 1.0464
valid Loss: 1.3503
----------
Epoch 8/299 at 2019-07-23 18:40:52.722353
train Loss: 1.0420
valid Loss: 1.1309
----------
Epoch 9/299 at 2019-07-23 18:41:24.678358
train Loss: 1.0243
valid Loss: 1.1702
----------
Epoch 10/299 at 2019-07-23 18:41:56.463473
train Loss: 0.9997
valid Loss: 1.1480
----------
Epoch 11/299 at 2019-07-23 18:42:28.244953
train Loss: 0.9881
valid Loss: 1.1464
----------
Epoch 12/299 at 2019-07-23 18:43:00.327494
train Loss: 0.9712
valid Loss: 1.2260
----------
Epoch 13/299 at 2019-07-23 18:43:32.157074
train Loss: 0.9627
valid Loss: 1.2329
----------
Epoch 14/299 at 2019-07-23 18:44:03.826791
train Loss: 0.9770
valid Loss: 1.1038
----------
Epoch 15/299 at 2019-07-23 18:44:35.665416
train Loss: 0.9633
valid Loss: 1.0743
----------
Epoch 16/299 at 2019-07-23 18:45:07.288416
train Loss: 0.9507
valid Loss: 1.1245
----------
Epoch 17/299 at 2019-07-23 18:45:39.034848
train Loss: 0.9180
valid Loss: 1.1302
----------
Epoch 18/299 at 2019-07-23 18:46:10.753814
train Loss: 0.9167
valid Loss: 1.1209
----------
Epoch 19/299 at 2019-07-23 18:46:42.507957
train Loss: 0.9018
valid Loss: 1.1378
----------
Epoch 20/299 at 2019-07-23 18:47:14.193584
train Loss: 0.8978
valid Loss: 1.1309
----------
Epoch 21/299 at 2019-07-23 18:47:45.930737
train Loss: 0.8917
valid Loss: 1.2095
----------
Epoch 22/299 at 2019-07-23 18:48:17.579614
train Loss: 0.8858
valid Loss: 1.0923
----------
Epoch 23/299 at 2019-07-23 18:48:49.115956
train Loss: 0.8551
valid Loss: 1.1228
----------
Epoch 24/299 at 2019-07-23 18:49:20.571963
train Loss: 0.8780
valid Loss: 1.1995
----------
Epoch 25/299 at 2019-07-23 18:49:52.308772
train Loss: 0.8557
valid Loss: 1.1356
----------
Epoch 26/299 at 2019-07-23 18:50:23.797603
train Loss: 0.8579
valid Loss: 1.1316
----------
Epoch 27/299 at 2019-07-23 18:50:55.447515
train Loss: 0.8348
valid Loss: 1.0951
----------
Epoch 28/299 at 2019-07-23 18:51:27.029432
train Loss: 0.8319
valid Loss: 1.1109
----------
Epoch 29/299 at 2019-07-23 18:51:58.576106
train Loss: 0.8525
valid Loss: 1.1407
----------
Epoch 30/299 at 2019-07-23 18:52:30.089579
train Loss: 0.8174
valid Loss: 1.0939
----------
Epoch 31/299 at 2019-07-23 18:53:01.687127
train Loss: 0.8197
valid Loss: 1.0818
----------
Epoch 32/299 at 2019-07-23 18:53:33.299774
train Loss: 0.8044
valid Loss: 1.1351
----------
Epoch 33/299 at 2019-07-23 18:54:04.802618
train Loss: 0.8013
valid Loss: 1.1289
----------
Epoch 34/299 at 2019-07-23 18:54:36.459907
train Loss: 0.7911
valid Loss: 1.1112
----------
Epoch 35/299 at 2019-07-23 18:55:08.177261
train Loss: 0.7901
valid Loss: 1.0927
----------
Epoch 36/299 at 2019-07-23 18:55:39.813395
train Loss: 0.7917
valid Loss: 1.1001
----------
Epoch 37/299 at 2019-07-23 18:56:11.466552
train Loss: 0.7804
valid Loss: 1.1268
----------
Epoch 38/299 at 2019-07-23 18:56:43.082236
train Loss: 0.7828
valid Loss: 1.0818
----------
Epoch 39/299 at 2019-07-23 18:57:14.694701
train Loss: 0.7675
valid Loss: 1.0999
----------
Epoch 40/299 at 2019-07-23 18:57:46.263769
train Loss: 0.7656
valid Loss: 1.0871
----------
Epoch 41/299 at 2019-07-23 18:58:18.044648
train Loss: 0.7525
valid Loss: 1.0995
----------
Epoch 42/299 at 2019-07-23 18:58:49.676937
train Loss: 0.7497
valid Loss: 1.1455
----------
Epoch 43/299 at 2019-07-23 18:59:21.346418
train Loss: 0.7359
valid Loss: 1.1115
----------
Epoch 44/299 at 2019-07-23 18:59:53.034392
train Loss: 0.7485
valid Loss: 1.1043
----------
Epoch 45/299 at 2019-07-23 19:00:24.791231
train Loss: 0.7468
valid Loss: 1.0986
----------
Epoch 46/299 at 2019-07-23 19:00:56.396270
train Loss: 0.7380
valid Loss: 1.1240
----------
Epoch 47/299 at 2019-07-23 19:01:27.959730
train Loss: 0.7176
valid Loss: 1.1482
----------
Epoch 48/299 at 2019-07-23 19:01:59.533880
train Loss: 0.7121
valid Loss: 1.1502
----------
Epoch 49/299 at 2019-07-23 19:02:31.142225
train Loss: 0.7176
valid Loss: 1.0926
----------
Epoch 50/299 at 2019-07-23 19:03:02.573212
train Loss: 0.7093
valid Loss: 1.0871
----------
Epoch 51/299 at 2019-07-23 19:03:34.084760
train Loss: 0.6940
valid Loss: 1.1212
----------
Epoch 52/299 at 2019-07-23 19:04:05.570046
train Loss: 0.7135
valid Loss: 1.1689
----------
Epoch 53/299 at 2019-07-23 19:04:37.095108
train Loss: 0.6935
valid Loss: 1.2033
----------
Epoch 54/299 at 2019-07-23 19:05:08.678249
train Loss: 0.6969
valid Loss: 1.0878
----------
Epoch 55/299 at 2019-07-23 19:05:40.176169
train Loss: 0.6857
valid Loss: 1.1673
----------
Epoch 56/299 at 2019-07-23 19:06:11.683216
train Loss: 0.6908
valid Loss: 1.1586
----------
Epoch 57/299 at 2019-07-23 19:06:43.166874
train Loss: 0.6754
valid Loss: 1.1274
----------
Epoch 58/299 at 2019-07-23 19:07:14.564334
train Loss: 0.6746
valid Loss: 1.1178
----------
Epoch 59/299 at 2019-07-23 19:07:46.081576
train Loss: 0.6871
valid Loss: 1.2069
----------
Epoch 60/299 at 2019-07-23 19:08:17.824509
train Loss: 0.6654
valid Loss: 1.1823
----------
Epoch 61/299 at 2019-07-23 19:08:49.442398
train Loss: 0.6642
valid Loss: 1.1331
----------
Epoch 62/299 at 2019-07-23 19:09:21.134761
train Loss: 0.6542
valid Loss: 1.1529
----------
Epoch 63/299 at 2019-07-23 19:09:52.740923
train Loss: 0.6462
valid Loss: 1.1273
----------
Epoch 64/299 at 2019-07-23 19:10:24.339068
train Loss: 0.6494
valid Loss: 1.1003
----------
Epoch 65/299 at 2019-07-23 19:10:55.969586
train Loss: 0.6387
valid Loss: 1.1530
----------
Epoch 66/299 at 2019-07-23 19:11:27.503640
train Loss: 0.6533
valid Loss: 1.1787
----------
Epoch 67/299 at 2019-07-23 19:11:59.024853
train Loss: 0.6459
valid Loss: 1.1556
----------
Epoch 68/299 at 2019-07-23 19:12:30.649039
train Loss: 0.6277
valid Loss: 1.1006
----------
Epoch 69/299 at 2019-07-23 19:13:02.264634
train Loss: 0.6322
valid Loss: 1.1008
----------
Epoch 70/299 at 2019-07-23 19:13:33.867948
train Loss: 0.6427
valid Loss: 1.1423
----------
Epoch 71/299 at 2019-07-23 19:14:05.438462
train Loss: 0.6367
valid Loss: 1.1251
----------
Epoch 72/299 at 2019-07-23 19:14:36.950421
train Loss: 0.6341
valid Loss: 1.1588
----------
Epoch 73/299 at 2019-07-23 19:15:08.553569
train Loss: 0.6240
valid Loss: 1.1568
----------
Epoch 74/299 at 2019-07-23 19:15:40.039451
train Loss: 0.6219
valid Loss: 1.1359
----------
Epoch 75/299 at 2019-07-23 19:16:11.631963
train Loss: 0.6304
valid Loss: 1.2313
----------
Epoch 76/299 at 2019-07-23 19:16:43.120375
train Loss: 0.6107
valid Loss: 1.1659
----------
Epoch 77/299 at 2019-07-23 19:17:14.807693
train Loss: 0.5989
valid Loss: 1.1237
----------
Epoch 78/299 at 2019-07-23 19:17:46.382382
train Loss: 0.6203
valid Loss: 1.1552
----------
Epoch 79/299 at 2019-07-23 19:18:17.881852
train Loss: 0.5902
valid Loss: 1.0937
----------
Epoch 80/299 at 2019-07-23 19:18:49.315171
train Loss: 0.6011
valid Loss: 1.1101
----------
Epoch 81/299 at 2019-07-23 19:19:20.925725
train Loss: 0.6015
valid Loss: 1.2008
----------
Epoch 82/299 at 2019-07-23 19:19:52.529849
train Loss: 0.5901
valid Loss: 1.1464
----------
Epoch 83/299 at 2019-07-23 19:20:24.184526
train Loss: 0.5890
valid Loss: 1.1381
----------
Epoch 84/299 at 2019-07-23 19:20:55.953813
train Loss: 0.5901
valid Loss: 1.1504
----------
Epoch 85/299 at 2019-07-23 19:21:27.709103
train Loss: 0.5824
valid Loss: 1.1091
----------
Epoch 86/299 at 2019-07-23 19:21:59.428509
train Loss: 0.5960
valid Loss: 1.1768
----------
Epoch 87/299 at 2019-07-23 19:22:31.063122
train Loss: 0.5827
valid Loss: 1.1130
----------
Epoch 88/299 at 2019-07-23 19:23:02.903287
train Loss: 0.5732
valid Loss: 1.0994
----------
Epoch 89/299 at 2019-07-23 19:23:33.890798
train Loss: 0.5712
valid Loss: 1.1079
----------
Epoch 90/299 at 2019-07-23 19:24:04.638155
train Loss: 0.5732
valid Loss: 1.1155
----------
Epoch 91/299 at 2019-07-23 19:24:35.409789
train Loss: 0.5588
valid Loss: 1.1889
----------
Epoch 92/299 at 2019-07-23 19:25:06.274932
train Loss: 0.5715
valid Loss: 1.1225
----------
Epoch 93/299 at 2019-07-23 19:25:36.968512
train Loss: 0.5727
valid Loss: 1.1535
----------
Epoch 94/299 at 2019-07-23 19:26:07.684537
train Loss: 0.5500
valid Loss: 1.1857
----------
Epoch 95/299 at 2019-07-23 19:26:38.924465
train Loss: 0.5660
valid Loss: 1.0961
----------
Epoch 96/299 at 2019-07-23 19:27:10.298284
train Loss: 0.5554
valid Loss: 1.1096
----------
Epoch 97/299 at 2019-07-23 19:27:41.704175
train Loss: 0.5560
valid Loss: 1.1191
----------
Epoch 98/299 at 2019-07-23 19:28:13.035778
train Loss: 0.5501
valid Loss: 1.1767
----------
Epoch 99/299 at 2019-07-23 19:28:44.445436
train Loss: 0.5510
valid Loss: 1.1887
----------
Epoch 100/299 at 2019-07-23 19:29:15.453760
train Loss: 0.5533
valid Loss: 1.1265
----------
Epoch 101/299 at 2019-07-23 19:29:45.929288
train Loss: 0.5471
valid Loss: 1.1666
----------
Epoch 102/299 at 2019-07-23 19:30:16.528281
train Loss: 0.5501
valid Loss: 1.1345
----------
Epoch 103/299 at 2019-07-23 19:30:46.843849
train Loss: 0.5394
valid Loss: 1.1831
----------
Epoch 104/299 at 2019-07-23 19:31:17.322338
train Loss: 0.5494
valid Loss: 1.3082
----------
Epoch 105/299 at 2019-07-23 19:31:47.844005
train Loss: 0.5406
valid Loss: 1.1375
----------
Epoch 106/299 at 2019-07-23 19:32:18.323642
train Loss: 0.5318
valid Loss: 1.1742
----------
Epoch 107/299 at 2019-07-23 19:32:49.694533
train Loss: 0.5448
valid Loss: 1.1595
----------
Epoch 108/299 at 2019-07-23 19:33:20.802102
train Loss: 0.5315
valid Loss: 1.1048
----------
Epoch 109/299 at 2019-07-23 19:33:51.966113
train Loss: 0.5346
valid Loss: 1.1928
----------
Epoch 110/299 at 2019-07-23 19:34:23.029499
train Loss: 0.5279
valid Loss: 1.1198
----------
Epoch 111/299 at 2019-07-23 19:34:54.293731
train Loss: 0.5325
valid Loss: 1.1652
----------
Epoch 112/299 at 2019-07-23 19:35:24.823397
train Loss: 0.5257
valid Loss: 1.1569
----------
Epoch 113/299 at 2019-07-23 19:35:55.244084
train Loss: 0.5253
valid Loss: 1.1585
----------
Epoch 114/299 at 2019-07-23 19:36:25.528377
train Loss: 0.5192
valid Loss: 1.1674
----------
Epoch 115/299 at 2019-07-23 19:36:55.929359
train Loss: 0.5156
valid Loss: 1.1521
----------
Epoch 116/299 at 2019-07-23 19:37:26.300079
train Loss: 0.5340
valid Loss: 1.1560
----------
Epoch 117/299 at 2019-07-23 19:37:56.843087
train Loss: 0.5209
valid Loss: 1.1329
----------
Epoch 118/299 at 2019-07-23 19:38:27.328460
train Loss: 0.5121
valid Loss: 1.1382
----------
Epoch 119/299 at 2019-07-23 19:38:57.802647
train Loss: 0.5054
valid Loss: 1.1401
----------
Epoch 120/299 at 2019-07-23 19:39:28.353016
train Loss: 0.5187
valid Loss: 1.2019
----------
Epoch 121/299 at 2019-07-23 19:39:58.856039
train Loss: 0.5190
valid Loss: 1.1338
----------
Epoch 122/299 at 2019-07-23 19:40:29.525575
train Loss: 0.5150
valid Loss: 1.1165
----------
Epoch 123/299 at 2019-07-23 19:41:00.108565
train Loss: 0.5089
valid Loss: 1.1913
----------
Epoch 124/299 at 2019-07-23 19:41:30.877081
train Loss: 0.5065
valid Loss: 1.1855
----------
Epoch 125/299 at 2019-07-23 19:42:01.640506
train Loss: 0.5069
valid Loss: 1.2274
----------
Epoch 126/299 at 2019-07-23 19:42:32.337053
train Loss: 0.5039
valid Loss: 1.1341
----------
Epoch 127/299 at 2019-07-23 19:43:02.980671
train Loss: 0.4921
valid Loss: 1.1832
----------
Epoch 128/299 at 2019-07-23 19:43:33.937976
train Loss: 0.5021
valid Loss: 1.1512
----------
Epoch 129/299 at 2019-07-23 19:44:04.629884
train Loss: 0.4837
valid Loss: 1.1266
----------
Epoch 130/299 at 2019-07-23 19:44:35.356402
train Loss: 0.4992
valid Loss: 1.1700
----------
Epoch 131/299 at 2019-07-23 19:45:06.037759
train Loss: 0.4991
valid Loss: 1.1074
----------
Epoch 132/299 at 2019-07-23 19:45:36.753159
train Loss: 0.4866
valid Loss: 1.1600
----------
Epoch 133/299 at 2019-07-23 19:46:07.570522
train Loss: 0.4851
valid Loss: 1.1324
----------
Epoch 134/299 at 2019-07-23 19:46:38.197254
train Loss: 0.4912
valid Loss: 1.1418
----------
Epoch 135/299 at 2019-07-23 19:47:08.846485
train Loss: 0.4901
valid Loss: 1.2249
----------
Epoch 136/299 at 2019-07-23 19:47:39.439308
train Loss: 0.4779
valid Loss: 1.1382
----------
Epoch 137/299 at 2019-07-23 19:48:10.029024
train Loss: 0.4743
valid Loss: 1.1569
----------
Epoch 138/299 at 2019-07-23 19:48:40.571868
train Loss: 0.4886
valid Loss: 1.1223
----------
Epoch 139/299 at 2019-07-23 19:49:11.965225
train Loss: 0.4774
valid Loss: 1.1941
----------
Epoch 140/299 at 2019-07-23 19:49:43.154408
train Loss: 0.4859
valid Loss: 1.1440
----------
Epoch 141/299 at 2019-07-23 19:50:14.576509
train Loss: 0.4825
valid Loss: 1.1656
----------
Epoch 142/299 at 2019-07-23 19:50:45.797346
train Loss: 0.4753
valid Loss: 1.1343
----------
Epoch 143/299 at 2019-07-23 19:51:17.127008
train Loss: 0.4858
valid Loss: 1.1667
----------
Epoch 144/299 at 2019-07-23 19:51:48.009110
train Loss: 0.4699
valid Loss: 1.1345
----------
Epoch 145/299 at 2019-07-23 19:52:19.151314
train Loss: 0.4766
valid Loss: 1.1268
----------
Epoch 146/299 at 2019-07-23 19:52:50.412136
train Loss: 0.4681
valid Loss: 1.1838
----------
Epoch 147/299 at 2019-07-23 19:53:21.875674
train Loss: 0.4771
valid Loss: 1.1292
----------
Epoch 148/299 at 2019-07-23 19:53:53.129238
train Loss: 0.4809
valid Loss: 1.1770
----------
Epoch 149/299 at 2019-07-23 19:54:24.458447
train Loss: 0.4666
valid Loss: 1.1106
----------
Epoch 150/299 at 2019-07-23 19:54:55.823720
train Loss: 0.4671
valid Loss: 1.1799
----------
Epoch 151/299 at 2019-07-23 19:55:26.765485
train Loss: 0.4605
valid Loss: 1.1404
----------
Epoch 152/299 at 2019-07-23 19:55:58.154818
train Loss: 0.4667
valid Loss: 1.1690
----------
Epoch 153/299 at 2019-07-23 19:56:29.475374
train Loss: 0.4665
valid Loss: 1.2024
----------
Epoch 154/299 at 2019-07-23 19:57:00.759753
train Loss: 0.4662
valid Loss: 1.1664
----------
Epoch 155/299 at 2019-07-23 19:57:31.903920
train Loss: 0.4590
valid Loss: 1.2047
----------
Epoch 156/299 at 2019-07-23 19:58:03.068929
train Loss: 0.4719
valid Loss: 1.1531
----------
Epoch 157/299 at 2019-07-23 19:58:34.167429
train Loss: 0.4531
valid Loss: 1.1681
----------
Epoch 158/299 at 2019-07-23 19:59:05.348244
train Loss: 0.4596
valid Loss: 1.1626
----------
Epoch 159/299 at 2019-07-23 19:59:36.601977
train Loss: 0.4574
valid Loss: 1.1367
----------
Epoch 160/299 at 2019-07-23 20:00:07.772377
train Loss: 0.4570
valid Loss: 1.1665
----------
Epoch 161/299 at 2019-07-23 20:00:39.011972
train Loss: 0.4539
valid Loss: 1.1883
----------
Epoch 162/299 at 2019-07-23 20:01:10.268733
train Loss: 0.4570
valid Loss: 1.1815
----------
Epoch 163/299 at 2019-07-23 20:01:41.534485
train Loss: 0.4482
valid Loss: 1.1358
----------
Epoch 164/299 at 2019-07-23 20:02:12.669514
train Loss: 0.4474
valid Loss: 1.2161
----------
Epoch 165/299 at 2019-07-23 20:02:43.923501
train Loss: 0.4487
valid Loss: 1.1620
----------
Epoch 166/299 at 2019-07-23 20:03:15.127514
train Loss: 0.4491
valid Loss: 1.2006
----------
Epoch 167/299 at 2019-07-23 20:03:46.387024
train Loss: 0.4478
valid Loss: 1.1790
----------
Epoch 168/299 at 2019-07-23 20:04:17.610054
train Loss: 0.4402
valid Loss: 1.1891
----------
Epoch 169/299 at 2019-07-23 20:04:49.042393
train Loss: 0.4398
valid Loss: 1.1716
----------
Epoch 170/299 at 2019-07-23 20:05:20.109925
train Loss: 0.4384
valid Loss: 1.1718
----------
Epoch 171/299 at 2019-07-23 20:05:51.358650
train Loss: 0.4412
valid Loss: 1.2154
----------
Epoch 172/299 at 2019-07-23 20:06:22.694174
train Loss: 0.4532
valid Loss: 1.1447
----------
Epoch 173/299 at 2019-07-23 20:06:54.011863
train Loss: 0.4465
valid Loss: 1.1610
----------
Epoch 174/299 at 2019-07-23 20:07:24.706862
train Loss: 0.4396
valid Loss: 1.1422
----------
Epoch 175/299 at 2019-07-23 20:07:55.371607
train Loss: 0.4395
valid Loss: 1.2040
----------
Epoch 176/299 at 2019-07-23 20:08:26.296553
train Loss: 0.4426
valid Loss: 1.1771
----------
Epoch 177/299 at 2019-07-23 20:08:57.471784
train Loss: 0.4375
valid Loss: 1.1615
----------
Epoch 178/299 at 2019-07-23 20:09:29.369629
train Loss: 0.4400
valid Loss: 1.1584
----------
Epoch 179/299 at 2019-07-23 20:10:01.409709
train Loss: 0.4382
valid Loss: 1.1540
----------
Epoch 180/299 at 2019-07-23 20:10:33.471844
train Loss: 0.4323
valid Loss: 1.1960
----------
Epoch 181/299 at 2019-07-23 20:11:05.721002
train Loss: 0.4454
valid Loss: 1.1672
----------
Epoch 182/299 at 2019-07-23 20:11:37.840288
train Loss: 0.4346
valid Loss: 1.1718
----------
Epoch 183/299 at 2019-07-23 20:12:10.023801
train Loss: 0.4283
valid Loss: 1.1292
----------
Epoch 184/299 at 2019-07-23 20:12:41.933813
train Loss: 0.4370
valid Loss: 1.1950
----------
Epoch 185/299 at 2019-07-23 20:13:13.937887
train Loss: 0.4365
valid Loss: 1.1647
----------
Epoch 186/299 at 2019-07-23 20:13:45.746624
train Loss: 0.4305
valid Loss: 1.1706
----------
Epoch 187/299 at 2019-07-23 20:14:17.871372
train Loss: 0.4376
valid Loss: 1.2112
----------
Epoch 188/299 at 2019-07-23 20:14:49.938818
train Loss: 0.4358
valid Loss: 1.1985
----------
Epoch 189/299 at 2019-07-23 20:15:22.148377
train Loss: 0.4227
valid Loss: 1.1997
----------
Epoch 190/299 at 2019-07-23 20:15:54.394206
train Loss: 0.4260
valid Loss: 1.1680
----------
Epoch 191/299 at 2019-07-23 20:16:26.565916
train Loss: 0.4266
valid Loss: 1.1923
----------
Epoch 192/299 at 2019-07-23 20:16:58.611170
train Loss: 0.4302
valid Loss: 1.1861
----------
Epoch 193/299 at 2019-07-23 20:17:30.692787
train Loss: 0.4228
valid Loss: 1.1913
----------
Epoch 194/299 at 2019-07-23 20:18:02.596630
train Loss: 0.4149
valid Loss: 1.1833
----------
Epoch 195/299 at 2019-07-23 20:18:34.777702
train Loss: 0.4215
valid Loss: 1.2018
----------
Epoch 196/299 at 2019-07-23 20:19:06.829927
train Loss: 0.4312
valid Loss: 1.2341
----------
Epoch 197/299 at 2019-07-23 20:19:38.937306
train Loss: 0.4136
valid Loss: 1.1828
----------
Epoch 198/299 at 2019-07-23 20:20:11.192586
train Loss: 0.4123
valid Loss: 1.1850
----------
Epoch 199/299 at 2019-07-23 20:20:43.347259
train Loss: 0.4284
valid Loss: 1.1930
----------
Epoch 200/299 at 2019-07-23 20:21:15.533479
train Loss: 0.4174
valid Loss: 1.2047
----------
Epoch 201/299 at 2019-07-23 20:21:47.865205
train Loss: 0.4209
valid Loss: 1.1568
----------
Epoch 202/299 at 2019-07-23 20:22:19.978464
train Loss: 0.4150
valid Loss: 1.1351
----------
Epoch 203/299 at 2019-07-23 20:22:51.950968
train Loss: 0.4251
valid Loss: 1.2156
----------
Epoch 204/299 at 2019-07-23 20:23:23.803493
train Loss: 0.4120
valid Loss: 1.1925
----------
Epoch 205/299 at 2019-07-23 20:23:56.022050
train Loss: 0.4146
valid Loss: 1.1439
----------
Epoch 206/299 at 2019-07-23 20:24:28.231181
train Loss: 0.4171
valid Loss: 1.1462
----------
Epoch 207/299 at 2019-07-23 20:25:00.527353
train Loss: 0.4138
valid Loss: 1.1671
----------
Epoch 208/299 at 2019-07-23 20:25:32.677962
train Loss: 0.4073
valid Loss: 1.1907
----------
Epoch 209/299 at 2019-07-23 20:26:04.772640
train Loss: 0.4189
valid Loss: 1.1669
----------
Epoch 210/299 at 2019-07-23 20:26:36.824794
train Loss: 0.4087
valid Loss: 1.2279
----------
Epoch 211/299 at 2019-07-23 20:27:08.541825
train Loss: 0.4132
valid Loss: 1.1668
----------
Epoch 212/299 at 2019-07-23 20:27:40.505967
train Loss: 0.4072
valid Loss: 1.1700
----------
Epoch 213/299 at 2019-07-23 20:28:12.521910
train Loss: 0.3987
valid Loss: 1.1764
----------
Epoch 214/299 at 2019-07-23 20:28:44.371100
train Loss: 0.4030
valid Loss: 1.1762
----------
Epoch 215/299 at 2019-07-23 20:29:16.419082
train Loss: 0.4042
valid Loss: 1.1533
----------
Epoch 216/299 at 2019-07-23 20:29:48.454184
train Loss: 0.4101
valid Loss: 1.1790
----------
Epoch 217/299 at 2019-07-23 20:30:20.551145
train Loss: 0.4096
valid Loss: 1.2019
----------
Epoch 218/299 at 2019-07-23 20:30:52.740628
train Loss: 0.4065
valid Loss: 1.1776
----------
Epoch 219/299 at 2019-07-23 20:31:24.876598
train Loss: 0.3928
valid Loss: 1.1528
----------
Epoch 220/299 at 2019-07-23 20:31:56.894570
train Loss: 0.4056
valid Loss: 1.1554
----------
Epoch 221/299 at 2019-07-23 20:32:28.883427
train Loss: 0.4043
valid Loss: 1.1372
----------
Epoch 222/299 at 2019-07-23 20:33:00.839506
train Loss: 0.3993
valid Loss: 1.1964
----------
Epoch 223/299 at 2019-07-23 20:33:33.178095
train Loss: 0.4002
valid Loss: 1.1747
----------
Epoch 224/299 at 2019-07-23 20:34:05.244524
train Loss: 0.3988
valid Loss: 1.1155
----------
Epoch 225/299 at 2019-07-23 20:34:37.348186
train Loss: 0.4051
valid Loss: 1.2116
----------
Epoch 226/299 at 2019-07-23 20:35:09.583152
train Loss: 0.3977
valid Loss: 1.1958
----------
Epoch 227/299 at 2019-07-23 20:35:42.086595
train Loss: 0.3932
valid Loss: 1.2528
----------
Epoch 228/299 at 2019-07-23 20:36:14.460230
train Loss: 0.4047
valid Loss: 1.1940
----------
Epoch 229/299 at 2019-07-23 20:36:46.494182
train Loss: 0.4066
valid Loss: 1.2003
----------
Epoch 230/299 at 2019-07-23 20:37:18.907892
train Loss: 0.4073
valid Loss: 1.1945
----------
Epoch 231/299 at 2019-07-23 20:37:50.890127
train Loss: 0.3936
valid Loss: 1.1473
----------
Epoch 232/299 at 2019-07-23 20:38:23.108300
train Loss: 0.3982
valid Loss: 1.1757
----------
Epoch 233/299 at 2019-07-23 20:38:55.324023
train Loss: 0.3898
valid Loss: 1.1665
----------
Epoch 234/299 at 2019-07-23 20:39:27.398781
train Loss: 0.3887
valid Loss: 1.2091
----------
Epoch 235/299 at 2019-07-23 20:39:59.329857
train Loss: 0.3995
valid Loss: 1.1743
----------
Epoch 236/299 at 2019-07-23 20:40:31.585761
train Loss: 0.3955
valid Loss: 1.1910
----------
Epoch 237/299 at 2019-07-23 20:41:03.911711
train Loss: 0.3862
valid Loss: 1.1646
----------
Epoch 238/299 at 2019-07-23 20:41:36.105686
train Loss: 0.3868
valid Loss: 1.1818
----------
Epoch 239/299 at 2019-07-23 20:42:08.444706
train Loss: 0.3979
valid Loss: 1.1954
----------
Epoch 240/299 at 2019-07-23 20:42:40.585486
train Loss: 0.3946
valid Loss: 1.1555
----------
Epoch 241/299 at 2019-07-23 20:43:12.898588
train Loss: 0.3866
valid Loss: 1.1671
----------
Epoch 242/299 at 2019-07-23 20:43:45.548064
train Loss: 0.3848
valid Loss: 1.2207
----------
Epoch 243/299 at 2019-07-23 20:44:18.019511
train Loss: 0.3874
valid Loss: 1.1719
----------
Epoch 244/299 at 2019-07-23 20:44:50.351841
train Loss: 0.3891
valid Loss: 1.1781
----------
Epoch 245/299 at 2019-07-23 20:45:22.531747
train Loss: 0.3920
valid Loss: 1.1856
----------
Epoch 246/299 at 2019-07-23 20:45:54.883300
train Loss: 0.3951
valid Loss: 1.1867
----------
Epoch 247/299 at 2019-07-23 20:46:27.174015
train Loss: 0.3883
valid Loss: 1.1705
----------
Epoch 248/299 at 2019-07-23 20:46:59.486155
train Loss: 0.3757
valid Loss: 1.1415
----------
Epoch 249/299 at 2019-07-23 20:47:31.804826
train Loss: 0.3773
valid Loss: 1.1751
----------
Epoch 250/299 at 2019-07-23 20:48:04.173641
train Loss: 0.3872
valid Loss: 1.1765
----------
Epoch 251/299 at 2019-07-23 20:48:36.450259
train Loss: 0.3865
valid Loss: 1.2123
----------
Epoch 252/299 at 2019-07-23 20:49:08.663139
train Loss: 0.3763
valid Loss: 1.1716
----------
Epoch 253/299 at 2019-07-23 20:49:41.110823
train Loss: 0.3798
valid Loss: 1.1693
----------
Epoch 254/299 at 2019-07-23 20:50:13.502076
train Loss: 0.3732
valid Loss: 1.1925
----------
Epoch 255/299 at 2019-07-23 20:50:45.917202
train Loss: 0.3851
valid Loss: 1.2103
----------
Epoch 256/299 at 2019-07-23 20:51:18.297206
train Loss: 0.3767
valid Loss: 1.2251
----------
Epoch 257/299 at 2019-07-23 20:51:50.630393
train Loss: 0.3811
valid Loss: 1.2029
----------
Epoch 258/299 at 2019-07-23 20:52:22.878148
train Loss: 0.3866
valid Loss: 1.1870
----------
Epoch 259/299 at 2019-07-23 20:52:54.926244
train Loss: 0.3798
valid Loss: 1.1754
----------
Epoch 260/299 at 2019-07-23 20:53:27.226053
train Loss: 0.3794
valid Loss: 1.1894
----------
Epoch 261/299 at 2019-07-23 20:53:59.578194
train Loss: 0.3815
valid Loss: 1.1946
----------
Epoch 262/299 at 2019-07-23 20:54:31.885236
train Loss: 0.3846
valid Loss: 1.1460
----------
Epoch 263/299 at 2019-07-23 20:55:04.336049
train Loss: 0.3876
valid Loss: 1.1541
----------
Epoch 264/299 at 2019-07-23 20:55:36.677694
train Loss: 0.3737
valid Loss: 1.2230
----------
Epoch 265/299 at 2019-07-23 20:56:09.033465
train Loss: 0.3663
valid Loss: 1.1644
----------
Epoch 266/299 at 2019-07-23 20:56:41.389089
train Loss: 0.3694
valid Loss: 1.1678
----------
Epoch 267/299 at 2019-07-23 20:57:13.435198
train Loss: 0.3728
valid Loss: 1.1701
----------
Epoch 268/299 at 2019-07-23 20:57:45.651282
train Loss: 0.3684
valid Loss: 1.1737
----------
Epoch 269/299 at 2019-07-23 20:58:17.989389
train Loss: 0.3691
valid Loss: 1.1672
----------
Epoch 270/299 at 2019-07-23 20:58:50.397206
train Loss: 0.3676
valid Loss: 1.2195
----------
Epoch 271/299 at 2019-07-23 20:59:22.995364
train Loss: 0.3780
valid Loss: 1.1591
----------
Epoch 272/299 at 2019-07-23 20:59:55.400454
train Loss: 0.3688
valid Loss: 1.1688
----------
Epoch 273/299 at 2019-07-23 21:00:27.719126
train Loss: 0.3630
valid Loss: 1.2178
----------
Epoch 274/299 at 2019-07-23 21:01:00.050216
train Loss: 0.3775
valid Loss: 1.1647
----------
Epoch 275/299 at 2019-07-23 21:01:32.095190
train Loss: 0.3747
valid Loss: 1.1519
----------
Epoch 276/299 at 2019-07-23 21:02:04.637866
train Loss: 0.3725
valid Loss: 1.1587
----------
Epoch 277/299 at 2019-07-23 21:02:36.973987
train Loss: 0.3688
valid Loss: 1.1414
----------
Epoch 278/299 at 2019-07-23 21:03:09.296571
train Loss: 0.3658
valid Loss: 1.1520
----------
Epoch 279/299 at 2019-07-23 21:03:41.536511
train Loss: 0.3657
valid Loss: 1.1140
----------
Epoch 280/299 at 2019-07-23 21:04:13.892553
train Loss: 0.3729
valid Loss: 1.1654
----------
Epoch 281/299 at 2019-07-23 21:04:46.250624
train Loss: 0.3673
valid Loss: 1.2218
----------
Epoch 282/299 at 2019-07-23 21:05:18.503066
train Loss: 0.3669
valid Loss: 1.2136
----------
Epoch 283/299 at 2019-07-23 21:05:50.457887
train Loss: 0.3567
valid Loss: 1.1833
----------
Epoch 284/299 at 2019-07-23 21:06:23.018175
train Loss: 0.3645
valid Loss: 1.2023
----------
Epoch 285/299 at 2019-07-23 21:06:55.347214
train Loss: 0.3746
valid Loss: 1.1731
----------
Epoch 286/299 at 2019-07-23 21:07:27.723904
train Loss: 0.3628
valid Loss: 1.1795
----------
Epoch 287/299 at 2019-07-23 21:07:59.908587
train Loss: 0.3653
valid Loss: 1.1911
----------
Epoch 288/299 at 2019-07-23 21:08:31.889181
train Loss: 0.3624
valid Loss: 1.1321
----------
Epoch 289/299 at 2019-07-23 21:09:03.970333
train Loss: 0.3731
valid Loss: 1.1871
----------
Epoch 290/299 at 2019-07-23 21:09:36.111524
train Loss: 0.3737
valid Loss: 1.1899
----------
Epoch 291/299 at 2019-07-23 21:10:08.195097
train Loss: 0.3546
valid Loss: 1.1477
----------
Epoch 292/299 at 2019-07-23 21:10:40.272529
train Loss: 0.3679
valid Loss: 1.2071
----------
Epoch 293/299 at 2019-07-23 21:11:12.517582
train Loss: 0.3684
valid Loss: 1.1700
----------
Epoch 294/299 at 2019-07-23 21:11:44.837466
train Loss: 0.3573
valid Loss: 1.2174
----------
Epoch 295/299 at 2019-07-23 21:12:17.275076
train Loss: 0.3637
valid Loss: 1.1630
----------
Epoch 296/299 at 2019-07-23 21:12:49.609018
train Loss: 0.3515
valid Loss: 1.2194
----------
Epoch 297/299 at 2019-07-23 21:13:21.897354
train Loss: 0.3590
valid Loss: 1.1547
----------
Epoch 298/299 at 2019-07-23 21:13:54.379009
train Loss: 0.3511
valid Loss: 1.2069
----------
Epoch 299/299 at 2019-07-23 21:14:26.839546
train Loss: 0.3594
valid Loss: 1.1928
Training complete in 158m 21s
