model dir: /ahg/regevdata/projects/CRISPR-libraries/prj/lib-modeling/portable_modeling/out/c_ag_res/model_mES_12kChar_UDGX_689_UDGX_Rb_0_200212_enc_64x2_dec_256x2_nc_r5_d0.05/
Hyperparameters: encoder_hidden_sizes:64,64+decoder_hidden_sizes:256,256+context_feature:1+fullcontext_feature:0+position_feature:1+context_radii:5+dropout_p:0.05
x_dim: 74
y_mask_dim: 180
train_test_id: 0
----------
Epoch 0/299 at 2020-02-12 18:54:39.313830
train Loss: 0.9188
valid Loss: 0.4966
----------
Epoch 1/299 at 2020-02-12 18:56:17.378802
train Loss: 0.5512
valid Loss: 0.4813
----------
Epoch 2/299 at 2020-02-12 18:57:55.626997
train Loss: 0.5391
valid Loss: 0.4799
----------
Epoch 3/299 at 2020-02-12 18:59:33.848917
train Loss: 0.5374
valid Loss: 0.4785
----------
Epoch 4/299 at 2020-02-12 19:01:11.470090
train Loss: 0.5376
valid Loss: 0.4769
----------
Epoch 5/299 at 2020-02-12 19:02:49.478434
train Loss: 0.5388
valid Loss: 0.4747
----------
Epoch 6/299 at 2020-02-12 19:04:27.845786
train Loss: 0.5292
valid Loss: 0.4740
----------
Epoch 7/299 at 2020-02-12 19:06:02.481830
train Loss: 0.5321
valid Loss: 0.4739
----------
Epoch 8/299 at 2020-02-12 19:07:35.328710
train Loss: 0.5344
valid Loss: 0.4743
----------
Epoch 9/299 at 2020-02-12 19:09:08.796390
train Loss: 0.5303
valid Loss: 0.4734
----------
Epoch 10/299 at 2020-02-12 19:10:43.153523
train Loss: 0.5370
valid Loss: 0.4726
----------
Epoch 11/299 at 2020-02-12 19:12:18.497304
train Loss: 0.5317
valid Loss: 0.4721
----------
Epoch 12/299 at 2020-02-12 19:13:54.343850
train Loss: 0.5338
valid Loss: 0.4704
----------
Epoch 13/299 at 2020-02-12 19:15:30.208733
train Loss: 0.5324
valid Loss: 0.4719
----------
Epoch 14/299 at 2020-02-12 19:17:05.918925
train Loss: 0.5329
valid Loss: 0.4712
----------
Epoch 15/299 at 2020-02-12 19:18:41.747282
train Loss: 0.5323
valid Loss: 0.4709
----------
Epoch 16/299 at 2020-02-12 19:20:18.025616
train Loss: 0.5271
valid Loss: 0.4705
----------
Epoch 17/299 at 2020-02-12 19:21:53.415495
train Loss: 0.5313
valid Loss: 0.4686
----------
Epoch 18/299 at 2020-02-12 19:23:27.097318
train Loss: 0.5236
valid Loss: 0.4698
----------
Epoch 19/299 at 2020-02-12 19:25:00.468082
train Loss: 0.5200
valid Loss: 0.4698
----------
Epoch 20/299 at 2020-02-12 19:26:33.403467
train Loss: 0.5271
valid Loss: 0.4693
----------
Epoch 21/299 at 2020-02-12 19:28:04.750968
train Loss: 0.5232
valid Loss: 0.4690
----------
Epoch 22/299 at 2020-02-12 19:29:36.372849
train Loss: 0.5240
valid Loss: 0.4695
----------
Epoch 23/299 at 2020-02-12 19:31:08.253131
train Loss: 0.5284
valid Loss: 0.4689
----------
Epoch 24/299 at 2020-02-12 19:32:40.095226
train Loss: 0.5175
valid Loss: 0.4686
----------
Epoch 25/299 at 2020-02-12 19:34:12.895200
train Loss: 0.5223
valid Loss: 0.4688
----------
Epoch 26/299 at 2020-02-12 19:35:45.740953
train Loss: 0.5177
valid Loss: 0.4680
----------
Epoch 27/299 at 2020-02-12 19:37:16.936341
train Loss: 0.5224
valid Loss: 0.4685
----------
Epoch 28/299 at 2020-02-12 19:38:51.190928
train Loss: 0.5209
valid Loss: 0.4671
----------
Epoch 29/299 at 2020-02-12 19:40:25.484357
train Loss: 0.5214
valid Loss: 0.4679
----------
Epoch 30/299 at 2020-02-12 19:42:00.141269
train Loss: 0.5201
valid Loss: 0.4671
----------
Epoch 31/299 at 2020-02-12 19:43:33.888951
train Loss: 0.5221
valid Loss: 0.4676
----------
Epoch 32/299 at 2020-02-12 19:45:08.248923
train Loss: 0.5192
valid Loss: 0.4677
----------
Epoch 33/299 at 2020-02-12 19:46:41.672570
train Loss: 0.5180
valid Loss: 0.4677
----------
Epoch 34/299 at 2020-02-12 19:48:15.589884
train Loss: 0.5169
valid Loss: 0.4676
----------
Epoch 35/299 at 2020-02-12 19:49:49.181193
train Loss: 0.5190
valid Loss: 0.4657
----------
Epoch 36/299 at 2020-02-12 19:51:22.370428
train Loss: 0.5181
valid Loss: 0.4670
----------
Epoch 37/299 at 2020-02-12 19:52:54.255368
train Loss: 0.5212
valid Loss: 0.4659
----------
Epoch 38/299 at 2020-02-12 19:54:26.820968
train Loss: 0.5207
valid Loss: 0.4667
----------
Epoch 39/299 at 2020-02-12 19:56:00.047450
train Loss: 0.5190
valid Loss: 0.4666
----------
Epoch 40/299 at 2020-02-12 19:57:32.836103
train Loss: 0.5198
valid Loss: 0.4651
----------
Epoch 41/299 at 2020-02-12 19:59:05.226182
train Loss: 0.5164
valid Loss: 0.4663
----------
Epoch 42/299 at 2020-02-12 20:00:37.972892
train Loss: 0.5182
valid Loss: 0.4666
----------
Epoch 43/299 at 2020-02-12 20:02:10.870266
train Loss: 0.5170
valid Loss: 0.4658
----------
Epoch 44/299 at 2020-02-12 20:03:43.550001
train Loss: 0.5194
valid Loss: 0.4663
----------
Epoch 45/299 at 2020-02-12 20:05:18.592170
train Loss: 0.5151
valid Loss: 0.4654
----------
Epoch 46/299 at 2020-02-12 20:06:53.646566
train Loss: 0.5209
valid Loss: 0.4657
----------
Epoch 47/299 at 2020-02-12 20:08:27.697375
train Loss: 0.5115
valid Loss: 0.4654
----------
Epoch 48/299 at 2020-02-12 20:10:00.847321
train Loss: 0.5158
valid Loss: 0.4648
----------
Epoch 49/299 at 2020-02-12 20:11:33.839593
train Loss: 0.5108
valid Loss: 0.4651
----------
Epoch 50/299 at 2020-02-12 20:13:06.191562
train Loss: 0.5180
valid Loss: 0.4652
----------
Epoch 51/299 at 2020-02-12 20:14:38.477860
train Loss: 0.5133
valid Loss: 0.4647
----------
Epoch 52/299 at 2020-02-12 20:16:09.625934
train Loss: 0.5138
valid Loss: 0.4649
----------
Epoch 53/299 at 2020-02-12 20:17:40.832187
train Loss: 0.5120
valid Loss: 0.4645
----------
Epoch 54/299 at 2020-02-12 20:19:12.100111
train Loss: 0.5125
valid Loss: 0.4646
----------
Epoch 55/299 at 2020-02-12 20:20:42.968203
train Loss: 0.5155
valid Loss: 0.4642
----------
Epoch 56/299 at 2020-02-12 20:22:13.643310
train Loss: 0.5167
valid Loss: 0.4638
----------
Epoch 57/299 at 2020-02-12 20:23:43.791563
train Loss: 0.5172
valid Loss: 0.4648
----------
Epoch 58/299 at 2020-02-12 20:25:13.950869
train Loss: 0.5147
valid Loss: 0.4647
----------
Epoch 59/299 at 2020-02-12 20:26:44.145475
train Loss: 0.5130
valid Loss: 0.4635
----------
Epoch 60/299 at 2020-02-12 20:28:14.489885
train Loss: 0.5124
valid Loss: 0.4627
----------
Epoch 61/299 at 2020-02-12 20:29:44.683679
train Loss: 0.5119
valid Loss: 0.4637
----------
Epoch 62/299 at 2020-02-12 20:31:15.175855
train Loss: 0.5117
valid Loss: 0.4631
----------
Epoch 63/299 at 2020-02-12 20:32:46.078725
train Loss: 0.5119
valid Loss: 0.4613
----------
Epoch 64/299 at 2020-02-12 20:34:17.515870
train Loss: 0.5114
valid Loss: 0.4631
----------
Epoch 65/299 at 2020-02-12 20:35:49.124796
train Loss: 0.5116
valid Loss: 0.4616
----------
Epoch 66/299 at 2020-02-12 20:37:21.098476
train Loss: 0.5089
valid Loss: 0.4621
----------
Epoch 67/299 at 2020-02-12 20:38:53.696779
train Loss: 0.5081
valid Loss: 0.4622
----------
Epoch 68/299 at 2020-02-12 20:40:26.986109
train Loss: 0.5082
valid Loss: 0.4618
----------
Epoch 69/299 at 2020-02-12 20:41:59.780062
train Loss: 0.5121
valid Loss: 0.4628
----------
Epoch 70/299 at 2020-02-12 20:43:32.398394
train Loss: 0.5088
valid Loss: 0.4626
----------
Epoch 71/299 at 2020-02-12 20:45:04.364013
train Loss: 0.5142
valid Loss: 0.4624
----------
Epoch 72/299 at 2020-02-12 20:46:36.413348
train Loss: 0.5098
valid Loss: 0.4620
----------
Epoch 73/299 at 2020-02-12 20:48:07.597571
train Loss: 0.5166
valid Loss: 0.4613
----------
Epoch 74/299 at 2020-02-12 20:49:39.185736
train Loss: 0.5100
valid Loss: 0.4622
----------
Epoch 75/299 at 2020-02-12 20:51:10.448640
train Loss: 0.5109
valid Loss: 0.4624
----------
Epoch 76/299 at 2020-02-12 20:52:41.966293
train Loss: 0.5094
valid Loss: 0.4613
----------
Epoch 77/299 at 2020-02-12 20:54:13.235295
train Loss: 0.5119
valid Loss: 0.4619
----------
Epoch 78/299 at 2020-02-12 20:55:44.007455
train Loss: 0.5082
valid Loss: 0.4611
----------
Epoch 79/299 at 2020-02-12 20:57:14.981487
train Loss: 0.5081
valid Loss: 0.4619
----------
Epoch 80/299 at 2020-02-12 20:58:45.429067
train Loss: 0.5111
valid Loss: 0.4600
----------
Epoch 81/299 at 2020-02-12 21:00:15.246210
train Loss: 0.5068
valid Loss: 0.4614
----------
Epoch 82/299 at 2020-02-12 21:01:45.988678
train Loss: 0.5062
valid Loss: 0.4609
----------
Epoch 83/299 at 2020-02-12 21:03:17.901157
train Loss: 0.5083
valid Loss: 0.4608
----------
Epoch 84/299 at 2020-02-12 21:04:50.259158
train Loss: 0.5086
valid Loss: 0.4611
----------
Epoch 85/299 at 2020-02-12 21:06:23.509816
train Loss: 0.5063
valid Loss: 0.4610
----------
Epoch 86/299 at 2020-02-12 21:07:57.772110
train Loss: 0.5034
valid Loss: 0.4601
----------
Epoch 87/299 at 2020-02-12 21:09:31.814751
train Loss: 0.5072
valid Loss: 0.4584
----------
Epoch 88/299 at 2020-02-12 21:11:05.936685
train Loss: 0.5065
valid Loss: 0.4584
----------
Epoch 89/299 at 2020-02-12 21:12:39.853483
train Loss: 0.5079
valid Loss: 0.4609
----------
Epoch 90/299 at 2020-02-12 21:14:14.446184
train Loss: 0.5065
valid Loss: 0.4603
----------
Epoch 91/299 at 2020-02-12 21:15:48.815386
train Loss: 0.5072
valid Loss: 0.4605
----------
Epoch 92/299 at 2020-02-12 21:17:22.211601
train Loss: 0.5030
valid Loss: 0.4601
----------
Epoch 93/299 at 2020-02-12 21:18:54.530765
train Loss: 0.5054
valid Loss: 0.4599
----------
Epoch 94/299 at 2020-02-12 21:20:26.484734
train Loss: 0.5064
valid Loss: 0.4593
----------
Epoch 95/299 at 2020-02-12 21:21:58.200385
train Loss: 0.5036
valid Loss: 0.4584
----------
Epoch 96/299 at 2020-02-12 21:23:29.107175
train Loss: 0.5043
valid Loss: 0.4584
----------
Epoch 97/299 at 2020-02-12 21:24:58.664037
train Loss: 0.5022
valid Loss: 0.4599
----------
Epoch 98/299 at 2020-02-12 21:26:27.758482
train Loss: 0.5049
valid Loss: 0.4587
----------
Epoch 99/299 at 2020-02-12 21:27:57.400907
train Loss: 0.5026
valid Loss: 0.4595
----------
Epoch 100/299 at 2020-02-12 21:29:29.060838
train Loss: 0.5056
valid Loss: 0.4579
----------
Epoch 101/299 at 2020-02-12 21:31:01.209058
train Loss: 0.5032
valid Loss: 0.4594
----------
Epoch 102/299 at 2020-02-12 21:32:33.831878
train Loss: 0.5035
valid Loss: 0.4587
----------
Epoch 103/299 at 2020-02-12 21:34:07.729744
train Loss: 0.5043
valid Loss: 0.4580
----------
Epoch 104/299 at 2020-02-12 21:35:41.976879
train Loss: 0.5072
valid Loss: 0.4592
----------
Epoch 105/299 at 2020-02-12 21:37:15.954042
train Loss: 0.5056
valid Loss: 0.4589
----------
Epoch 106/299 at 2020-02-12 21:38:50.452790
train Loss: 0.5013
valid Loss: 0.4587
----------
Epoch 107/299 at 2020-02-12 21:40:25.185930
train Loss: 0.5059
valid Loss: 0.4595
----------
Epoch 108/299 at 2020-02-12 21:41:59.812955
train Loss: 0.5039
valid Loss: 0.4587
----------
Epoch 109/299 at 2020-02-12 21:43:33.458970
train Loss: 0.5048
valid Loss: 0.4571
----------
Epoch 110/299 at 2020-02-12 21:45:07.404972
train Loss: 0.5022
valid Loss: 0.4583
----------
Epoch 111/299 at 2020-02-12 21:46:41.028708
train Loss: 0.5009
valid Loss: 0.4587
----------
Epoch 112/299 at 2020-02-12 21:48:13.812316
train Loss: 0.5050
valid Loss: 0.4577
----------
Epoch 113/299 at 2020-02-12 21:49:47.730025
train Loss: 0.5025
valid Loss: 0.4582
----------
Epoch 114/299 at 2020-02-12 21:51:21.788784
train Loss: 0.5029
valid Loss: 0.4578
----------
Epoch 115/299 at 2020-02-12 21:52:55.250933
train Loss: 0.5011
valid Loss: 0.4582
----------
Epoch 116/299 at 2020-02-12 21:54:29.473615
train Loss: 0.4988
valid Loss: 0.4581
----------
Epoch 117/299 at 2020-02-12 21:56:03.287762
train Loss: 0.5030
valid Loss: 0.4583
----------
Epoch 118/299 at 2020-02-12 21:57:36.703071
train Loss: 0.5018
valid Loss: 0.4568
----------
Epoch 119/299 at 2020-02-12 21:59:08.436459
train Loss: 0.5071
valid Loss: 0.4579
----------
Epoch 120/299 at 2020-02-12 22:00:38.071731
train Loss: 0.5029
valid Loss: 0.4575
----------
Epoch 121/299 at 2020-02-12 22:02:08.139534
train Loss: 0.4969
valid Loss: 0.4581
----------
Epoch 122/299 at 2020-02-12 22:03:38.238654
train Loss: 0.4983
valid Loss: 0.4574
----------
Epoch 123/299 at 2020-02-12 22:05:08.790854
train Loss: 0.5019
valid Loss: 0.4575
----------
Epoch 124/299 at 2020-02-12 22:06:38.958481
train Loss: 0.5015
valid Loss: 0.4573
----------
Epoch 125/299 at 2020-02-12 22:08:08.771578
train Loss: 0.5033
valid Loss: 0.4576
----------
Epoch 126/299 at 2020-02-12 22:09:38.826297
train Loss: 0.5011
valid Loss: 0.4561
----------
Epoch 127/299 at 2020-02-12 22:11:08.944236
train Loss: 0.4992
valid Loss: 0.4569
----------
Epoch 128/299 at 2020-02-12 22:12:39.143956
train Loss: 0.4989
valid Loss: 0.4574
----------
Epoch 129/299 at 2020-02-12 22:14:09.234787
train Loss: 0.5029
valid Loss: 0.4568
----------
Epoch 130/299 at 2020-02-12 22:15:39.396755
train Loss: 0.5014
valid Loss: 0.4573
----------
Epoch 131/299 at 2020-02-12 22:17:09.772765
train Loss: 0.5019
valid Loss: 0.4546
----------
Epoch 132/299 at 2020-02-12 22:18:39.855511
train Loss: 0.4971
valid Loss: 0.4557
----------
Epoch 133/299 at 2020-02-12 22:20:09.969990
train Loss: 0.5010
valid Loss: 0.4547
----------
Epoch 134/299 at 2020-02-12 22:21:40.003950
train Loss: 0.5011
valid Loss: 0.4562
----------
Epoch 135/299 at 2020-02-12 22:23:10.064517
train Loss: 0.5019
valid Loss: 0.4563
----------
Epoch 136/299 at 2020-02-12 22:24:40.166413
train Loss: 0.4993
valid Loss: 0.4519
----------
Epoch 137/299 at 2020-02-12 22:26:10.797287
train Loss: 0.5006
valid Loss: 0.4561
----------
Epoch 138/299 at 2020-02-12 22:27:41.546544
train Loss: 0.4945
valid Loss: 0.4550
----------
Epoch 139/299 at 2020-02-12 22:29:12.288269
train Loss: 0.4971
valid Loss: 0.4555
----------
Epoch 140/299 at 2020-02-12 22:30:43.245945
train Loss: 0.4994
valid Loss: 0.4550
----------
Epoch 141/299 at 2020-02-12 22:32:14.539165
train Loss: 0.4979
valid Loss: 0.4558
----------
Epoch 142/299 at 2020-02-12 22:33:45.628315
train Loss: 0.4978
valid Loss: 0.4558
----------
Epoch 143/299 at 2020-02-12 22:35:16.712371
train Loss: 0.4971
valid Loss: 0.4559
----------
Epoch 144/299 at 2020-02-12 22:36:47.739504
train Loss: 0.5011
valid Loss: 0.4552
----------
Epoch 145/299 at 2020-02-12 22:38:17.710248
train Loss: 0.4991
valid Loss: 0.4555
----------
Epoch 146/299 at 2020-02-12 22:39:47.526790
train Loss: 0.5004
valid Loss: 0.4541
----------
Epoch 147/299 at 2020-02-12 22:41:16.871758
train Loss: 0.4965
valid Loss: 0.4524
----------
Epoch 148/299 at 2020-02-12 22:42:47.379445
train Loss: 0.4971
valid Loss: 0.4550
----------
Epoch 149/299 at 2020-02-12 22:44:18.849261
train Loss: 0.4931
valid Loss: 0.4549
----------
Epoch 150/299 at 2020-02-12 22:45:49.240162
train Loss: 0.4980
valid Loss: 0.4543
----------
Epoch 151/299 at 2020-02-12 22:47:19.749749
train Loss: 0.4973
valid Loss: 0.4547
----------
Epoch 152/299 at 2020-02-12 22:48:51.274732
train Loss: 0.4960
valid Loss: 0.4452
----------
Epoch 153/299 at 2020-02-12 22:50:23.900756
train Loss: 0.4951
valid Loss: 0.4543
----------
Epoch 154/299 at 2020-02-12 22:51:54.736498
train Loss: 0.4983
valid Loss: 0.4547
----------
Epoch 155/299 at 2020-02-12 22:53:24.694931
train Loss: 0.5012
valid Loss: 0.4542
----------
Epoch 156/299 at 2020-02-12 22:54:55.220934
train Loss: 0.4958
valid Loss: 0.4543
----------
Epoch 157/299 at 2020-02-12 22:56:26.241426
train Loss: 0.4943
valid Loss: 0.4523
----------
Epoch 158/299 at 2020-02-12 22:57:56.804280
train Loss: 0.4965
valid Loss: 0.4543
----------
Epoch 159/299 at 2020-02-12 22:59:27.878844
train Loss: 0.4985
valid Loss: 0.4533
----------
Epoch 160/299 at 2020-02-12 23:00:59.237537
train Loss: 0.5003
valid Loss: 0.4541
----------
Epoch 161/299 at 2020-02-12 23:02:29.267437
train Loss: 0.4978
valid Loss: 0.4528
----------
Epoch 162/299 at 2020-02-12 23:03:59.296730
train Loss: 0.4960
valid Loss: 0.4537
----------
Epoch 163/299 at 2020-02-12 23:05:29.089500
train Loss: 0.4977
valid Loss: 0.4532
----------
Epoch 164/299 at 2020-02-12 23:06:59.019374
train Loss: 0.4959
valid Loss: 0.4538
----------
Epoch 165/299 at 2020-02-12 23:08:28.806551
train Loss: 0.4954
valid Loss: 0.4538
----------
Epoch 166/299 at 2020-02-12 23:09:58.698845
train Loss: 0.4965
valid Loss: 0.4538
----------
Epoch 167/299 at 2020-02-12 23:11:28.252839
train Loss: 0.4938
valid Loss: 0.4537
----------
Epoch 168/299 at 2020-02-12 23:12:58.061029
train Loss: 0.4951
valid Loss: 0.4519
----------
Epoch 169/299 at 2020-02-12 23:14:27.839675
train Loss: 0.4926
valid Loss: 0.4524
----------
Epoch 170/299 at 2020-02-12 23:15:57.622351
train Loss: 0.4961
valid Loss: 0.4531
----------
Epoch 171/299 at 2020-02-12 23:17:27.312258
train Loss: 0.4950
valid Loss: 0.4526
----------
Epoch 172/299 at 2020-02-12 23:18:56.986148
train Loss: 0.4944
valid Loss: 0.4530
----------
Epoch 173/299 at 2020-02-12 23:20:26.715634
train Loss: 0.4939
valid Loss: 0.4530
----------
Epoch 174/299 at 2020-02-12 23:21:56.340948
train Loss: 0.4943
valid Loss: 0.4532
----------
Epoch 175/299 at 2020-02-12 23:23:25.972063
train Loss: 0.4917
valid Loss: 0.4527
----------
Epoch 176/299 at 2020-02-12 23:24:55.689466
train Loss: 0.4933
valid Loss: 0.4527
----------
Epoch 177/299 at 2020-02-12 23:26:24.982201
train Loss: 0.4932
valid Loss: 0.4506
----------
Epoch 178/299 at 2020-02-12 23:27:54.633443
train Loss: 0.4965
valid Loss: 0.4532
----------
Epoch 179/299 at 2020-02-12 23:29:24.506966
train Loss: 0.4967
valid Loss: 0.4517
----------
Epoch 180/299 at 2020-02-12 23:30:54.303362
train Loss: 0.4936
valid Loss: 0.4521
----------
Epoch 181/299 at 2020-02-12 23:32:24.030201
train Loss: 0.4923
valid Loss: 0.4524
----------
Epoch 182/299 at 2020-02-12 23:33:53.839632
train Loss: 0.4924
valid Loss: 0.4523
----------
Epoch 183/299 at 2020-02-12 23:35:23.503359
train Loss: 0.4935
valid Loss: 0.4508
----------
Epoch 184/299 at 2020-02-12 23:36:53.188875
train Loss: 0.4954
valid Loss: 0.4514
----------
Epoch 185/299 at 2020-02-12 23:38:23.539300
train Loss: 0.4943
valid Loss: 0.4519
----------
Epoch 186/299 at 2020-02-12 23:39:54.955668
train Loss: 0.4934
valid Loss: 0.4523
----------
Epoch 187/299 at 2020-02-12 23:41:26.594065
train Loss: 0.4913
valid Loss: 0.4518
----------
Epoch 188/299 at 2020-02-12 23:42:58.182403
train Loss: 0.4937
valid Loss: 0.4521
----------
Epoch 189/299 at 2020-02-12 23:44:29.850752
train Loss: 0.4911
valid Loss: 0.4512
----------
Epoch 190/299 at 2020-02-12 23:46:01.812665
train Loss: 0.4903
valid Loss: 0.4522
----------
Epoch 191/299 at 2020-02-12 23:47:32.596680
train Loss: 0.4887
valid Loss: 0.4522
----------
Epoch 192/299 at 2020-02-12 23:49:02.936802
train Loss: 0.4949
valid Loss: 0.4512
----------
Epoch 193/299 at 2020-02-12 23:50:33.447300
train Loss: 0.4908
valid Loss: 0.4521
----------
Epoch 194/299 at 2020-02-12 23:52:04.150284
train Loss: 0.4938
valid Loss: 0.4518
----------
Epoch 195/299 at 2020-02-12 23:53:34.968406
train Loss: 0.4925
valid Loss: 0.4484
----------
Epoch 196/299 at 2020-02-12 23:55:05.654220
train Loss: 0.4948
valid Loss: 0.4513
----------
Epoch 197/299 at 2020-02-12 23:56:36.410080
train Loss: 0.4896
valid Loss: 0.4505
----------
Epoch 198/299 at 2020-02-12 23:58:07.052528
train Loss: 0.4931
valid Loss: 0.4514
----------
Epoch 199/299 at 2020-02-12 23:59:36.520704
train Loss: 0.4896
valid Loss: 0.4508
----------
Epoch 200/299 at 2020-02-13 00:01:05.302275
train Loss: 0.4929
valid Loss: 0.4502
----------
Epoch 201/299 at 2020-02-13 00:02:34.563823
train Loss: 0.4939
valid Loss: 0.4498
----------
Epoch 202/299 at 2020-02-13 00:04:03.833861
train Loss: 0.4918
valid Loss: 0.4510
----------
Epoch 203/299 at 2020-02-13 00:05:33.006975
train Loss: 0.4888
valid Loss: 0.4502
----------
Epoch 204/299 at 2020-02-13 00:07:02.291427
train Loss: 0.4893
valid Loss: 0.4506
----------
Epoch 205/299 at 2020-02-13 00:08:31.471004
train Loss: 0.4932
valid Loss: 0.4465
----------
Epoch 206/299 at 2020-02-13 00:10:00.580843
train Loss: 0.4909
valid Loss: 0.4496
----------
Epoch 207/299 at 2020-02-13 00:11:29.684463
train Loss: 0.4909
valid Loss: 0.4504
----------
Epoch 208/299 at 2020-02-13 00:12:58.745561
train Loss: 0.4931
valid Loss: 0.4504
----------
Epoch 209/299 at 2020-02-13 00:14:27.775459
train Loss: 0.4890
valid Loss: 0.4497
----------
Epoch 210/299 at 2020-02-13 00:15:56.806480
train Loss: 0.4906
valid Loss: 0.4502
----------
Epoch 211/299 at 2020-02-13 00:17:25.507017
train Loss: 0.4854
valid Loss: 0.4504
----------
Epoch 212/299 at 2020-02-13 00:18:54.480880
train Loss: 0.4902
valid Loss: 0.4495
----------
Epoch 213/299 at 2020-02-13 00:20:23.531712
train Loss: 0.4881
valid Loss: 0.4499
----------
Epoch 214/299 at 2020-02-13 00:21:52.604264
train Loss: 0.4913
valid Loss: 0.4489
----------
Epoch 215/299 at 2020-02-13 00:23:21.689478
train Loss: 0.4940
valid Loss: 0.4502
----------
Epoch 216/299 at 2020-02-13 00:24:50.667230
train Loss: 0.4890
valid Loss: 0.4499
----------
Epoch 217/299 at 2020-02-13 00:26:19.688175
train Loss: 0.4866
valid Loss: 0.4500
----------
Epoch 218/299 at 2020-02-13 00:27:48.669502
train Loss: 0.4861
valid Loss: 0.4493
----------
Epoch 219/299 at 2020-02-13 00:29:17.569286
train Loss: 0.4874
valid Loss: 0.4485
----------
Epoch 220/299 at 2020-02-13 00:30:46.494392
train Loss: 0.4901
valid Loss: 0.4496
----------
Epoch 221/299 at 2020-02-13 00:32:15.115622
train Loss: 0.4905
valid Loss: 0.4490
----------
Epoch 222/299 at 2020-02-13 00:33:43.982593
train Loss: 0.4899
valid Loss: 0.4494
----------
Epoch 223/299 at 2020-02-13 00:35:12.933596
train Loss: 0.4893
valid Loss: 0.4492
----------
Epoch 224/299 at 2020-02-13 00:36:41.893965
train Loss: 0.4882
valid Loss: 0.4490
----------
Epoch 225/299 at 2020-02-13 00:38:10.844717
train Loss: 0.4934
valid Loss: 0.4494
----------
Epoch 226/299 at 2020-02-13 00:39:39.713974
train Loss: 0.4897
valid Loss: 0.4482
----------
Epoch 227/299 at 2020-02-13 00:41:08.598675
train Loss: 0.4885
valid Loss: 0.4465
----------
Epoch 228/299 at 2020-02-13 00:42:36.985427
train Loss: 0.4848
valid Loss: 0.4489
----------
Epoch 229/299 at 2020-02-13 00:44:06.056786
train Loss: 0.4855
valid Loss: 0.4486
----------
Epoch 230/299 at 2020-02-13 00:45:35.104200
train Loss: 0.4883
valid Loss: 0.4482
----------
Epoch 231/299 at 2020-02-13 00:47:03.854764
train Loss: 0.4881
valid Loss: 0.4486
----------
Epoch 232/299 at 2020-02-13 00:48:32.571110
train Loss: 0.4904
valid Loss: 0.4485
----------
Epoch 233/299 at 2020-02-13 00:50:01.585793
train Loss: 0.4878
valid Loss: 0.4491
----------
Epoch 234/299 at 2020-02-13 00:51:30.543430
train Loss: 0.4886
valid Loss: 0.4489
----------
Epoch 235/299 at 2020-02-13 00:52:59.543814
train Loss: 0.4851
valid Loss: 0.4486
----------
Epoch 236/299 at 2020-02-13 00:54:28.490710
train Loss: 0.4837
valid Loss: 0.4466
----------
Epoch 237/299 at 2020-02-13 00:55:57.402291
train Loss: 0.4879
valid Loss: 0.4482
----------
Epoch 238/299 at 2020-02-13 00:57:26.389457
train Loss: 0.4863
valid Loss: 0.4462
----------
Epoch 239/299 at 2020-02-13 00:58:55.165660
train Loss: 0.4890
valid Loss: 0.4480
----------
Epoch 240/299 at 2020-02-13 01:00:23.948032
train Loss: 0.4889
valid Loss: 0.4471
----------
Epoch 241/299 at 2020-02-13 01:01:52.740827
train Loss: 0.4878
valid Loss: 0.4478
----------
Epoch 242/299 at 2020-02-13 01:03:21.629867
train Loss: 0.4833
valid Loss: 0.4461
----------
Epoch 243/299 at 2020-02-13 01:04:50.224436
train Loss: 0.4898
valid Loss: 0.4477
----------
Epoch 244/299 at 2020-02-13 01:06:18.849355
train Loss: 0.4892
valid Loss: 0.4382
----------
Epoch 245/299 at 2020-02-13 01:07:47.513299
train Loss: 0.4875
valid Loss: 0.4474
----------
Epoch 246/299 at 2020-02-13 01:09:16.097784
train Loss: 0.4839
valid Loss: 0.4443
----------
Epoch 247/299 at 2020-02-13 01:10:44.599805
train Loss: 0.4896
valid Loss: 0.4468
----------
Epoch 248/299 at 2020-02-13 01:12:13.222124
train Loss: 0.4852
valid Loss: 0.4475
----------
Epoch 249/299 at 2020-02-13 01:13:41.879559
train Loss: 0.4882
valid Loss: 0.4468
----------
Epoch 250/299 at 2020-02-13 01:15:10.384496
train Loss: 0.4868
valid Loss: 0.4469
----------
Epoch 251/299 at 2020-02-13 01:16:38.508613
train Loss: 0.4851
valid Loss: 0.4474
----------
Epoch 252/299 at 2020-02-13 01:18:06.866269
train Loss: 0.4859
valid Loss: 0.4446
----------
Epoch 253/299 at 2020-02-13 01:19:35.061663
train Loss: 0.4859
valid Loss: 0.4470
----------
Epoch 254/299 at 2020-02-13 01:21:03.628670
train Loss: 0.4896
valid Loss: 0.4470
----------
Epoch 255/299 at 2020-02-13 01:22:32.177232
train Loss: 0.4865
valid Loss: 0.4455
----------
Epoch 256/299 at 2020-02-13 01:24:00.839111
train Loss: 0.4826
valid Loss: 0.4470
----------
Epoch 257/299 at 2020-02-13 01:25:29.268208
train Loss: 0.4855
valid Loss: 0.4470
----------
Epoch 258/299 at 2020-02-13 01:26:57.658572
train Loss: 0.4863
valid Loss: 0.4470
----------
Epoch 259/299 at 2020-02-13 01:28:25.978469
train Loss: 0.4852
valid Loss: 0.4466
----------
Epoch 260/299 at 2020-02-13 01:29:54.287807
train Loss: 0.4842
valid Loss: 0.4466
----------
Epoch 261/299 at 2020-02-13 01:31:22.569944
train Loss: 0.4832
valid Loss: 0.4467
----------
Epoch 262/299 at 2020-02-13 01:32:51.000045
train Loss: 0.4860
valid Loss: 0.4467
----------
Epoch 263/299 at 2020-02-13 01:34:19.816684
train Loss: 0.4826
valid Loss: 0.4461
----------
Epoch 264/299 at 2020-02-13 01:35:48.903541
train Loss: 0.4851
valid Loss: 0.4460
----------
Epoch 265/299 at 2020-02-13 01:37:17.636133
train Loss: 0.4820
valid Loss: 0.4468
----------
Epoch 266/299 at 2020-02-13 01:38:45.592039
train Loss: 0.4823
valid Loss: 0.4464
----------
Epoch 267/299 at 2020-02-13 01:40:13.558917
train Loss: 0.4809
valid Loss: 0.4455
----------
Epoch 268/299 at 2020-02-13 01:41:41.714454
train Loss: 0.4853
valid Loss: 0.4458
----------
Epoch 269/299 at 2020-02-13 01:43:09.690609
train Loss: 0.4845
valid Loss: 0.4465
----------
Epoch 270/299 at 2020-02-13 01:44:37.533203
train Loss: 0.4818
valid Loss: 0.4451
----------
Epoch 271/299 at 2020-02-13 01:46:05.426919
train Loss: 0.4858
valid Loss: 0.4462
----------
Epoch 272/299 at 2020-02-13 01:47:34.067760
train Loss: 0.4854
valid Loss: 0.4459
----------
Epoch 273/299 at 2020-02-13 01:49:02.506086
train Loss: 0.4830
valid Loss: 0.4427
----------
Epoch 274/299 at 2020-02-13 01:50:31.527004
train Loss: 0.4858
valid Loss: 0.4449
----------
Epoch 275/299 at 2020-02-13 01:52:00.514427
train Loss: 0.4784
valid Loss: 0.4449
----------
Epoch 276/299 at 2020-02-13 01:53:29.346185
train Loss: 0.4830
valid Loss: 0.4454
----------
Epoch 277/299 at 2020-02-13 01:54:57.959741
train Loss: 0.4814
valid Loss: 0.4456
----------
Epoch 278/299 at 2020-02-13 01:56:26.216706
train Loss: 0.4838
valid Loss: 0.4454
----------
Epoch 279/299 at 2020-02-13 01:57:54.534325
train Loss: 0.4807
valid Loss: 0.4456
----------
Epoch 280/299 at 2020-02-13 01:59:22.778097
train Loss: 0.4824
valid Loss: 0.4451
----------
Epoch 281/299 at 2020-02-13 02:00:51.059308
train Loss: 0.4847
valid Loss: 0.4433
----------
Epoch 282/299 at 2020-02-13 02:02:18.815635
train Loss: 0.4873
valid Loss: 0.4451
----------
Epoch 283/299 at 2020-02-13 02:03:47.273854
train Loss: 0.4816
valid Loss: 0.4442
----------
Epoch 284/299 at 2020-02-13 02:05:15.826229
train Loss: 0.4795
valid Loss: 0.4453
----------
Epoch 285/299 at 2020-02-13 02:06:43.560675
train Loss: 0.4801
valid Loss: 0.4452
----------
Epoch 286/299 at 2020-02-13 02:08:11.243565
train Loss: 0.4811
valid Loss: 0.4448
----------
Epoch 287/299 at 2020-02-13 02:09:39.164239
train Loss: 0.4832
valid Loss: 0.4439
----------
Epoch 288/299 at 2020-02-13 02:11:06.531709
train Loss: 0.4835
valid Loss: 0.4458
----------
Epoch 289/299 at 2020-02-13 02:12:34.112113
train Loss: 0.4802
valid Loss: 0.4408
----------
Epoch 290/299 at 2020-02-13 02:14:01.632641
train Loss: 0.4820
valid Loss: 0.4444
----------
Epoch 291/299 at 2020-02-13 02:15:28.971388
train Loss: 0.4824
valid Loss: 0.4448
----------
Epoch 292/299 at 2020-02-13 02:16:56.206526
train Loss: 0.4828
valid Loss: 0.4440
----------
Epoch 293/299 at 2020-02-13 02:18:23.788458
train Loss: 0.4783
valid Loss: 0.4444
----------
Epoch 294/299 at 2020-02-13 02:19:51.330240
train Loss: 0.4801
valid Loss: 0.4452
----------
Epoch 295/299 at 2020-02-13 02:21:18.616784
train Loss: 0.4817
valid Loss: 0.4443
----------
Epoch 296/299 at 2020-02-13 02:22:46.470518
train Loss: 0.4823
valid Loss: 0.4448
----------
Epoch 297/299 at 2020-02-13 02:24:14.327584
train Loss: 0.4751
valid Loss: 0.4414
----------
Epoch 298/299 at 2020-02-13 02:25:42.098155
train Loss: 0.4797
valid Loss: 0.4443
----------
Epoch 299/299 at 2020-02-13 02:27:09.960148
train Loss: 0.4810
valid Loss: 0.4443
Training complete in 453m 58s
